243 & -3 & 6 & 3 & a_{7} = 2, a_{13} = -1, a_{19} = -1, a_{31} = -1, a_{37} = 8, a_{43} = 11, a_{61} = 5, a_{67} = -7, a_{73} = 11, a_{79} = -7, a_{97} = -7 \\ 
675 & -3 & 6 & 1 & a_{7} = -3, a_{13} = -3, a_{19} = 1, a_{31} = 2, a_{37} = -9, a_{43} = -6, a_{61} = -13, a_{67} = 3, a_{73} = -9, a_{79} = -5, a_{97} = -3 \\ 
675 & -3 & 6 & 1 & a_{7} = 3, a_{13} = 3, a_{19} = 1, a_{31} = 2, a_{37} = 9, a_{43} = 6, a_{61} = -13, a_{67} = -3, a_{73} = 9, a_{79} = -5, a_{97} = 3 \\ 
729 & -3 & 6 & 3 & a_{7} = 2, a_{13} = -1, a_{19} = -1, a_{31} = -1, a_{37} = 8, a_{43} = 11, a_{61} = 5, a_{67} = -7, a_{73} = 11, a_{79} = -7, a_{97} = -7 \\ 
972 & -3 & 6 & 3 & a_{7} = 2, a_{13} = -1, a_{19} = -1, a_{31} = -1, a_{37} = 8, a_{43} = 11, a_{61} = 5, a_{67} = -7, a_{73} = 11, a_{79} = -7, a_{97} = -7 \\ 
972 & -3 & 6 & 9 & a_{7} = 2, a_{13} = -1, a_{19} = 5, a_{31} = -7, a_{37} = -4, a_{43} = 5, a_{61} = 5, a_{67} = 11, a_{73} = -1, a_{79} = 11, a_{97} = -7 \\ 
1323 & -3 & 6 & 3 & a_{13} = -4, a_{19} = -1, a_{31} = -7, a_{37} = 8, a_{43} = -1, a_{61} = 5, a_{67} = 2, a_{73} = -1, a_{79} = -4, a_{97} = -1 \\ 
1323 & -3 & 6 & 1 & a_{13} = 4, a_{19} = 1, a_{31} = 7, a_{37} = 8, a_{43} = -1, a_{61} = -5, a_{67} = 2, a_{73} = 1, a_{79} = -4, a_{97} = 1 \\ 
1568 & -4 & 14 & 1 & a_{5} = -3, a_{13} = -4, a_{17} = 1, a_{29} = -4, a_{37} = -5, a_{41} = 8, a_{53} = 7, a_{61} = -5, a_{73} = -9, a_{89} = -9, a_{97} = -8 \\ 
1568 & -4 & 6 & 1 & a_{5} = -1, a_{13} = 0, a_{17} = -5, a_{29} = 8, a_{37} = -5, a_{41} = -4, a_{53} = -1, a_{61} = -11, a_{73} = -15, a_{89} = -7, a_{97} = -12 \\ 
1568 & -4 & 6 & 1 & a_{5} = 1, a_{13} = 0, a_{17} = 5, a_{29} = 8, a_{37} = -5, a_{41} = 4, a_{53} = -1, a_{61} = 11, a_{73} = 15, a_{89} = 7, a_{97} = 12 \\ 
1568 & -4 & 14 & 1 & a_{5} = 3, a_{13} = 4, a_{17} = -1, a_{29} = -4, a_{37} = -5, a_{41} = -8, a_{53} = 7, a_{61} = 5, a_{73} = 9, a_{89} = 9, a_{97} = 8 \\ 
1849 & -43 & 6 & 1 & a_{11} = -1, a_{13} = -3, a_{17} = -7, a_{23} = 1, a_{31} = -3, a_{41} = -5, a_{47} = -10, a_{53} = -1, a_{59} = -10, a_{67} = 9, a_{79} = -6, a_{83} = 1, a_{97} = 11 \\ 
1944 & -3 & 6 & 3 & a_{7} = 2, a_{13} = -1, a_{19} = -1, a_{31} = -1, a_{37} = 8, a_{43} = 11, a_{61} = 5, a_{67} = -7, a_{73} = 11, a_{79} = -7, a_{97} = -7 \\ 
1944 & -3 & 6 & 9 & a_{7} = 2, a_{13} = -1, a_{19} = 5, a_{31} = -7, a_{37} = -4, a_{43} = 5, a_{61} = 5, a_{67} = 11, a_{73} = -1, a_{79} = 11, a_{97} = -7 \\ 
2025 & -3 & 6 & 1 & a_{7} = -3, a_{13} = -3, a_{19} = 1, a_{31} = 2, a_{37} = -9, a_{43} = -6, a_{61} = -13, a_{67} = 3, a_{73} = -9, a_{79} = -5, a_{97} = -3 \\ 
2025 & -3 & 6 & 1 & a_{7} = 3, a_{13} = 3, a_{19} = 1, a_{31} = 2, a_{37} = 9, a_{43} = 6, a_{61} = -13, a_{67} = -3, a_{73} = 9, a_{79} = -5, a_{97} = 3 \\ 
2187 & -3 & 6 & 3 & a_{7} = 2, a_{13} = -1, a_{19} = -1, a_{31} = -1, a_{37} = 8, a_{43} = 11, a_{61} = 5, a_{67} = -7, a_{73} = 11, a_{79} = -7, a_{97} = -7 \\ 
2592 & -4 & 6 & 1 & a_{5} = -1, a_{13} = -3, a_{17} = 4, a_{29} = 1, a_{37} = -8, a_{41} = 5, a_{53} = -8, a_{61} = -7, a_{73} = -12, a_{89} = -4, a_{97} = -3 \\ 
2592 & -4 & 6 & 1 & a_{5} = -1, a_{13} = 3, a_{17} = -5, a_{29} = -5, a_{37} = -5, a_{41} = 2, a_{53} = -2, a_{61} = -13, a_{73} = 3, a_{89} = -13, a_{97} = -6 \\ 
2592 & -4 & 6 & 1 & a_{5} = 1, a_{13} = -3, a_{17} = -4, a_{29} = -1, a_{37} = -8, a_{41} = -5, a_{53} = 8, a_{61} = -7, a_{73} = -12, a_{89} = 4, a_{97} = -3 \\ 
2592 & -4 & 6 & 1 & a_{5} = 1, a_{13} = 3, a_{17} = 5, a_{29} = 5, a_{37} = -5, a_{41} = -2, a_{53} = 2, a_{61} = -13, a_{73} = 3, a_{89} = 13, a_{97} = -6 \\ 
2601 & -51 & 6 & 1 & a_{5} = -1, a_{11} = -1, a_{13} = 1, a_{19} = -3, a_{23} = 5, a_{29} = 8, a_{41} = -11, a_{43} = -9, a_{67} = -10, a_{71} = 10 \\ 
2601 & -51 & 6 & 1 & a_{5} = 1, a_{11} = 1, a_{13} = 1, a_{19} = -3, a_{23} = -5, a_{29} = -8, a_{41} = 11, a_{43} = -9, a_{67} = -10, a_{71} = -10 \\ 
2700 & -3 & 6 & 1 & a_{7} = -3, a_{13} = -3, a_{19} = 1, a_{31} = 2, a_{37} = -9, a_{43} = -6, a_{61} = -13, a_{67} = 3, a_{73} = -9, a_{79} = -5, a_{97} = -3 \\ 
2700 & -3 & 10 & 1 & a_{7} = -1, a_{13} = -3, a_{19} = 3, a_{31} = -2, a_{37} = -1, a_{43} = -10, a_{61} = -1, a_{67} = -11, a_{73} = -13, a_{79} = -3, a_{97} = 1 \\ 
2700 & -3 & 10 & 1 & a_{7} = 1, a_{13} = 3, a_{19} = 3, a_{31} = -2, a_{37} = 1, a_{43} = 10, a_{61} = -1, a_{67} = 11, a_{73} = 13, a_{79} = -3, a_{97} = -1 \\ 
2700 & -3 & 6 & 1 & a_{7} = 3, a_{13} = 3, a_{19} = 1, a_{31} = 2, a_{37} = 9, a_{43} = 6, a_{61} = -13, a_{67} = -3, a_{73} = 9, a_{79} = -5, a_{97} = 3 \\ 
2916 & -3 & 6 & 3 & a_{7} = 2, a_{13} = -1, a_{19} = -1, a_{31} = -1, a_{37} = 8, a_{43} = 11, a_{61} = 5, a_{67} = -7, a_{73} = 11, a_{79} = -7, a_{97} = -7 \\ 
2916 & -3 & 6 & 9 & a_{7} = 2, a_{13} = -1, a_{19} = 5, a_{31} = -7, a_{37} = -4, a_{43} = 5, a_{61} = 5, a_{67} = 11, a_{73} = -1, a_{79} = 11, a_{97} = -7 \\ 
3136 & -4 & 14 & 1 & a_{5} = -3, a_{13} = -4, a_{17} = -1, a_{29} = 4, a_{37} = 5, a_{41} = -8, a_{53} = -7, a_{61} = -5, a_{73} = 9, a_{89} = 9, a_{97} = 8 \\ 
3136 & -4 & 14 & 1 & a_{5} = -3, a_{13} = -4, a_{17} = 1, a_{29} = -4, a_{37} = -5, a_{41} = 8, a_{53} = 7, a_{61} = -5, a_{73} = -9, a_{89} = -9, a_{97} = -8 \\ 
3136 & -4 & 6 & 1 & a_{5} = -1, a_{13} = 0, a_{17} = -5, a_{29} = 8, a_{37} = -5, a_{41} = -4, a_{53} = -1, a_{61} = -11, a_{73} = -15, a_{89} = -7, a_{97} = -12 \\ 
3136 & -4 & 6 & 1 & a_{5} = -1, a_{13} = 0, a_{17} = 5, a_{29} = -8, a_{37} = 5, a_{41} = 4, a_{53} = 1, a_{61} = -11, a_{73} = 15, a_{89} = 7, a_{97} = 12 \\ 
3136 & -4 & 6 & 1 & a_{5} = 1, a_{13} = 0, a_{17} = -5, a_{29} = -8, a_{37} = 5, a_{41} = -4, a_{53} = 1, a_{61} = 11, a_{73} = -15, a_{89} = -7, a_{97} = -12 \\ 
3136 & -4 & 6 & 1 & a_{5} = 1, a_{13} = 0, a_{17} = 5, a_{29} = 8, a_{37} = -5, a_{41} = 4, a_{53} = -1, a_{61} = 11, a_{73} = 15, a_{89} = 7, a_{97} = 12 \\ 
3136 & -4 & 14 & 1 & a_{5} = 3, a_{13} = 4, a_{17} = -1, a_{29} = -4, a_{37} = -5, a_{41} = -8, a_{53} = 7, a_{61} = 5, a_{73} = 9, a_{89} = 9, a_{97} = 8 \\ 
3136 & -4 & 14 & 1 & a_{5} = 3, a_{13} = 4, a_{17} = 1, a_{29} = 4, a_{37} = 5, a_{41} = 8, a_{53} = -7, a_{61} = 5, a_{73} = -9, a_{89} = -9, a_{97} = -8 \\ 
3888 & -3 & 6 & 1 & a_{7} = -2, a_{13} = -1, a_{19} = -5, a_{31} = 7, a_{37} = -4, a_{43} = -5, a_{61} = 5, a_{67} = -11, a_{73} = -1, a_{79} = -11, a_{97} = -7 \\ 
3888 & -3 & 6 & 1 & a_{7} = -2, a_{13} = -1, a_{19} = 1, a_{31} = 1, a_{37} = 8, a_{43} = -11, a_{61} = 5, a_{67} = 7, a_{73} = 11, a_{79} = 7, a_{97} = -7 \\ 
3888 & -3 & 6 & 3 & a_{7} = 2, a_{13} = -1, a_{19} = -1, a_{31} = -1, a_{37} = 8, a_{43} = 11, a_{61} = 5, a_{67} = -7, a_{73} = 11, a_{79} = -7, a_{97} = -7 \\ 
3888 & -3 & 6 & 9 & a_{7} = 2, a_{13} = -1, a_{19} = 5, a_{31} = -7, a_{37} = -4, a_{43} = 5, a_{61} = 5, a_{67} = 11, a_{73} = -1, a_{79} = 11, a_{97} = -7 \\ 
3969 & -7 & 15 & 1 & a_{2} = -1, a_{11} = 2, a_{23} = -2, a_{29} = 7, a_{37} = -9, a_{43} = 0, a_{53} = -2, a_{67} = 10, a_{71} = 8, a_{79} = 14 \\ 
3969 & -7 & 15 & 1 & a_{2} = 1, a_{11} = -2, a_{23} = 2, a_{29} = -7, a_{37} = -9, a_{43} = 0, a_{53} = 2, a_{67} = 10, a_{71} = -8, a_{79} = 14 \\ 
3969 & -3 & 6 & 3 & a_{13} = -4, a_{19} = -1, a_{31} = -7, a_{37} = 8, a_{43} = -1, a_{61} = 5, a_{67} = 2, a_{73} = -1, a_{79} = -4, a_{97} = -1 \\ 
3969 & -3 & 6 & 1 & a_{13} = 4, a_{19} = 1, a_{31} = 7, a_{37} = 8, a_{43} = -1, a_{61} = -5, a_{67} = 2, a_{73} = 1, a_{79} = -4, a_{97} = 1 \\ 
5184 & -4 & 6 & 1 & a_{5} = -1, a_{13} = -3, a_{17} = 4, a_{29} = 1, a_{37} = -8, a_{41} = 5, a_{53} = -8, a_{61} = -7, a_{73} = -12, a_{89} = -4, a_{97} = -3 \\ 
5184 & -4 & 6 & 1 & a_{5} = -1, a_{13} = -3, a_{17} = 5, a_{29} = -5, a_{37} = 5, a_{41} = -2, a_{53} = -2, a_{61} = 13, a_{73} = 3, a_{89} = 13, a_{97} = -6 \\ 
5184 & -4 & 6 & 1 & a_{5} = -1, a_{13} = 3, a_{17} = -5, a_{29} = -5, a_{37} = -5, a_{41} = 2, a_{53} = -2, a_{61} = -13, a_{73} = 3, a_{89} = -13, a_{97} = -6 \\ 
5184 & -4 & 6 & 1 & a_{5} = -1, a_{13} = 3, a_{17} = -4, a_{29} = 1, a_{37} = 8, a_{41} = -5, a_{53} = -8, a_{61} = 7, a_{73} = -12, a_{89} = 4, a_{97} = -3 \\ 
5184 & -4 & 6 & 1 & a_{5} = 1, a_{13} = -3, a_{17} = -5, a_{29} = 5, a_{37} = 5, a_{41} = 2, a_{53} = 2, a_{61} = 13, a_{73} = 3, a_{89} = -13, a_{97} = -6 \\ 
5184 & -4 & 6 & 1 & a_{5} = 1, a_{13} = -3, a_{17} = -4, a_{29} = -1, a_{37} = -8, a_{41} = -5, a_{53} = 8, a_{61} = -7, a_{73} = -12, a_{89} = 4, a_{97} = -3 \\ 
5184 & -4 & 6 & 1 & a_{5} = 1, a_{13} = 3, a_{17} = 4, a_{29} = -1, a_{37} = 8, a_{41} = 5, a_{53} = 8, a_{61} = 7, a_{73} = -12, a_{89} = -4, a_{97} = -3 \\ 
5184 & -4 & 6 & 1 & a_{5} = 1, a_{13} = 3, a_{17} = 5, a_{29} = 5, a_{37} = -5, a_{41} = -2, a_{53} = 2, a_{61} = -13, a_{73} = 3, a_{89} = 13, a_{97} = -6 \\ 
5292 & -3 & 6 & 3 & a_{13} = -4, a_{19} = -1, a_{31} = -7, a_{37} = 8, a_{43} = -1, a_{61} = 5, a_{67} = 2, a_{73} = -1, a_{79} = -4, a_{97} = -1 \\ 
5292 & -3 & 10 & 1 & a_{13} = 0, a_{19} = -7, a_{31} = 3, a_{37} = -4, a_{43} = 5, a_{61} = -3, a_{67} = 10, a_{73} = -5, a_{79} = 12, a_{97} = -5 \\ 
5292 & -3 & 10 & 1 & a_{13} = 0, a_{19} = 7, a_{31} = -3, a_{37} = -4, a_{43} = 5, a_{61} = 3, a_{67} = 10, a_{73} = 5, a_{79} = 12, a_{97} = 5 \\ 
5292 & -3 & 6 & 1 & a_{13} = 4, a_{19} = 1, a_{31} = 7, a_{37} = 8, a_{43} = -1, a_{61} = -5, a_{67} = 2, a_{73} = 1, a_{79} = -4, a_{97} = 1 \\ 
5400 & -3 & 6 & 1 & a_{7} = -3, a_{13} = -3, a_{19} = 1, a_{31} = 2, a_{37} = -9, a_{43} = -6, a_{61} = -13, a_{67} = 3, a_{73} = -9, a_{79} = -5, a_{97} = -3 \\ 
5400 & -3 & 10 & 1 & a_{7} = -1, a_{13} = -3, a_{19} = 3, a_{31} = -2, a_{37} = -1, a_{43} = -10, a_{61} = -1, a_{67} = -11, a_{73} = -13, a_{79} = -3, a_{97} = 1 \\ 
5400 & -3 & 10 & 1 & a_{7} = 1, a_{13} = 3, a_{19} = 3, a_{31} = -2, a_{37} = 1, a_{43} = 10, a_{61} = -1, a_{67} = 11, a_{73} = 13, a_{79} = -3, a_{97} = -1 \\ 
5400 & -3 & 6 & 1 & a_{7} = 3, a_{13} = 3, a_{19} = 1, a_{31} = 2, a_{37} = 9, a_{43} = 6, a_{61} = -13, a_{67} = -3, a_{73} = 9, a_{79} = -5, a_{97} = 3 \\ 
5408 & -52 & 6 & 1 & a_{7} = -3, a_{11} = -5, a_{17} = 7, a_{19} = -5, a_{29} = -5, a_{31} = -2, a_{47} = 4, a_{53} = 4, a_{59} = -7, a_{61} = 3, a_{67} = 3, a_{71} = -7, a_{83} = 14 \\ 
5408 & -52 & 6 & 1 & a_{7} = 3, a_{11} = 5, a_{17} = 7, a_{19} = 5, a_{29} = -5, a_{31} = 2, a_{47} = -4, a_{53} = 4, a_{59} = 7, a_{61} = 3, a_{67} = -3, a_{71} = 7, a_{83} = -14 \\ 
5408 & -4 & 22 & 1 & a_{5} = 0, a_{17} = -3, a_{29} = -5, a_{37} = -9, a_{41} = 3, a_{53} = -8, a_{61} = -9, a_{73} = 4, a_{89} = 1, a_{97} = -7 \\ 
5408 & -4 & 22 & 1 & a_{5} = 0, a_{17} = -3, a_{29} = -5, a_{37} = 9, a_{41} = -3, a_{53} = -8, a_{61} = -9, a_{73} = -4, a_{89} = -1, a_{97} = 7 \\ 
5832 & -3 & 6 & 3 & a_{7} = 2, a_{13} = -1, a_{19} = -1, a_{31} = -1, a_{37} = 8, a_{43} = 11, a_{61} = 5, a_{67} = -7, a_{73} = 11, a_{79} = -7, a_{97} = -7 \\ 
5832 & -3 & 6 & 9 & a_{7} = 2, a_{13} = -1, a_{19} = 5, a_{31} = -7, a_{37} = -4, a_{43} = 5, a_{61} = 5, a_{67} = 11, a_{73} = -1, a_{79} = 11, a_{97} = -7 \\ 
6075 & -3 & 6 & 1 & a_{7} = -3, a_{13} = -3, a_{19} = 1, a_{31} = 2, a_{37} = -9, a_{43} = -6, a_{61} = -13, a_{67} = 3, a_{73} = -9, a_{79} = -5, a_{97} = -3 \\ 
6075 & -3 & 6 & 1 & a_{7} = -2, a_{13} = 1, a_{19} = -1, a_{31} = -1, a_{37} = -8, a_{43} = -11, a_{61} = 5, a_{67} = 7, a_{73} = -11, a_{79} = -7, a_{97} = 7 \\ 
6075 & -3 & 6 & 3 & a_{7} = 2, a_{13} = -1, a_{19} = -1, a_{31} = -1, a_{37} = 8, a_{43} = 11, a_{61} = 5, a_{67} = -7, a_{73} = 11, a_{79} = -7, a_{97} = -7 \\ 
6075 & -3 & 6 & 1 & a_{7} = 3, a_{13} = 3, a_{19} = 1, a_{31} = 2, a_{37} = 9, a_{43} = 6, a_{61} = -13, a_{67} = -3, a_{73} = 9, a_{79} = -5, a_{97} = 3 \\ 
6272 & -4 & 14 & 1 & a_{5} = -3, a_{13} = -4, a_{17} = -1, a_{29} = 4, a_{37} = 5, a_{41} = -8, a_{53} = -7, a_{61} = -5, a_{73} = 9, a_{89} = 9, a_{97} = 8 \\ 
6272 & -4 & 14 & 1 & a_{5} = -3, a_{13} = -4, a_{17} = 1, a_{29} = -4, a_{37} = -5, a_{41} = 8, a_{53} = 7, a_{61} = -5, a_{73} = -9, a_{89} = -9, a_{97} = -8 \\ 
6272 & -4 & 6 & 1 & a_{5} = -1, a_{13} = 0, a_{17} = -5, a_{29} = 8, a_{37} = -5, a_{41} = -4, a_{53} = -1, a_{61} = -11, a_{73} = -15, a_{89} = -7, a_{97} = -12 \\ 
6272 & -4 & 6 & 1 & a_{5} = -1, a_{13} = 0, a_{17} = 5, a_{29} = -8, a_{37} = 5, a_{41} = 4, a_{53} = 1, a_{61} = -11, a_{73} = 15, a_{89} = 7, a_{97} = 12 \\ 
6272 & -4 & 6 & 1 & a_{5} = 1, a_{13} = 0, a_{17} = -5, a_{29} = -8, a_{37} = 5, a_{41} = -4, a_{53} = 1, a_{61} = 11, a_{73} = -15, a_{89} = -7, a_{97} = -12 \\ 
6272 & -4 & 6 & 1 & a_{5} = 1, a_{13} = 0, a_{17} = 5, a_{29} = 8, a_{37} = -5, a_{41} = 4, a_{53} = -1, a_{61} = 11, a_{73} = 15, a_{89} = 7, a_{97} = 12 \\ 
6272 & -4 & 14 & 1 & a_{5} = 3, a_{13} = 4, a_{17} = -1, a_{29} = -4, a_{37} = -5, a_{41} = -8, a_{53} = 7, a_{61} = 5, a_{73} = 9, a_{89} = 9, a_{97} = 8 \\ 
6272 & -4 & 14 & 1 & a_{5} = 3, a_{13} = 4, a_{17} = 1, a_{29} = 4, a_{37} = 5, a_{41} = 8, a_{53} = -7, a_{61} = 5, a_{73} = -9, a_{89} = -9, a_{97} = -8 \\ 
6400 & -4 & 6 & 2 & a_{13} = 0, a_{17} = -4, a_{29} = -8, a_{37} = 4, a_{41} = -8, a_{53} = 8, a_{61} = -6, a_{73} = -4, a_{89} = 2, a_{97} = 4 \\ 
6400 & -4 & 6 & 2 & a_{13} = 0, a_{17} = -4, a_{29} = 8, a_{37} = -4, a_{41} = -8, a_{53} = -8, a_{61} = 6, a_{73} = -4, a_{89} = 2, a_{97} = 4 \\ 
6400 & -4 & 6 & 2 & a_{13} = 0, a_{17} = 4, a_{29} = -8, a_{37} = -4, a_{41} = -8, a_{53} = -8, a_{61} = -6, a_{73} = 4, a_{89} = 2, a_{97} = -4 \\ 
6400 & -4 & 6 & 2 & a_{13} = 0, a_{17} = 4, a_{29} = 8, a_{37} = 4, a_{41} = -8, a_{53} = 8, a_{61} = 6, a_{73} = 4, a_{89} = 2, a_{97} = -4 \\ 
6561 & -3 & 6 & 3 & a_{7} = 2, a_{13} = -1, a_{19} = -1, a_{31} = -1, a_{37} = 8, a_{43} = 11, a_{61} = 5, a_{67} = -7, a_{73} = 11, a_{79} = -7, a_{97} = -7 \\ 
7396 & -43 & 10 & 1 & a_{11} = -3, a_{13} = 5, a_{17} = 1, a_{23} = 3, a_{31} = -9, a_{41} = -1, a_{47} = 6, a_{53} = 3, a_{59} = -2, a_{67} = 11, a_{79} = 2, a_{83} = 15, a_{97} = 11 \\ 
7396 & -43 & 6 & 1 & a_{11} = -1, a_{13} = -3, a_{17} = -7, a_{23} = 1, a_{31} = -3, a_{41} = -5, a_{47} = -10, a_{53} = -1, a_{59} = -10, a_{67} = 9, a_{79} = -6, a_{83} = 1, a_{97} = 11 \\ 
7776 & -3 & 6 & 1 & a_{7} = -2, a_{13} = -1, a_{19} = -5, a_{31} = 7, a_{37} = -4, a_{43} = -5, a_{61} = 5, a_{67} = -11, a_{73} = -1, a_{79} = -11, a_{97} = -7 \\ 
7776 & -3 & 6 & 1 & a_{7} = -2, a_{13} = -1, a_{19} = 1, a_{31} = 1, a_{37} = 8, a_{43} = -11, a_{61} = 5, a_{67} = 7, a_{73} = 11, a_{79} = 7, a_{97} = -7 \\ 
7776 & -3 & 6 & 3 & a_{7} = 2, a_{13} = -1, a_{19} = -1, a_{31} = -1, a_{37} = 8, a_{43} = 11, a_{61} = 5, a_{67} = -7, a_{73} = 11, a_{79} = -7, a_{97} = -7 \\ 
7776 & -3 & 6 & 9 & a_{7} = 2, a_{13} = -1, a_{19} = 5, a_{31} = -7, a_{37} = -4, a_{43} = 5, a_{61} = 5, a_{67} = 11, a_{73} = -1, a_{79} = 11, a_{97} = -7 \\ 
7776 & -4 & 6 & 1 & a_{5} = -1, a_{13} = -3, a_{17} = 4, a_{29} = 1, a_{37} = -8, a_{41} = 5, a_{53} = -8, a_{61} = -7, a_{73} = -12, a_{89} = -4, a_{97} = -3 \\ 
7776 & -4 & 6 & 1 & a_{5} = -1, a_{13} = 3, a_{17} = -5, a_{29} = -5, a_{37} = -5, a_{41} = 2, a_{53} = -2, a_{61} = -13, a_{73} = 3, a_{89} = -13, a_{97} = -6 \\ 
7776 & -4 & 6 & 1 & a_{5} = 1, a_{13} = -3, a_{17} = -4, a_{29} = -1, a_{37} = -8, a_{41} = -5, a_{53} = 8, a_{61} = -7, a_{73} = -12, a_{89} = 4, a_{97} = -3 \\ 
7776 & -4 & 6 & 1 & a_{5} = 1, a_{13} = 3, a_{17} = 5, a_{29} = 5, a_{37} = -5, a_{41} = -2, a_{53} = 2, a_{61} = -13, a_{73} = 3, a_{89} = 13, a_{97} = -6 \\ 
7803 & -51 & 6 & 1 & a_{5} = -4, a_{11} = 5, a_{13} = 1, a_{19} = 6, a_{23} = -1, a_{29} = -7, a_{41} = -5, a_{43} = -3, a_{67} = -1, a_{71} = 1 \\ 
7803 & -51 & 6 & 1 & a_{5} = -1, a_{11} = -1, a_{13} = 1, a_{19} = -3, a_{23} = 5, a_{29} = 8, a_{41} = -11, a_{43} = -9, a_{67} = -10, a_{71} = 10 \\ 
7803 & -51 & 6 & 1 & a_{5} = 1, a_{11} = 1, a_{13} = 1, a_{19} = -3, a_{23} = -5, a_{29} = -8, a_{41} = 11, a_{43} = -9, a_{67} = -10, a_{71} = -10 \\ 
7803 & -51 & 6 & 1 & a_{5} = 4, a_{11} = -5, a_{13} = 1, a_{19} = 6, a_{23} = 1, a_{29} = 7, a_{41} = 5, a_{43} = -3, a_{67} = -1, a_{71} = -1 \\ 
8100 & -3 & 6 & 1 & a_{7} = -3, a_{13} = -3, a_{19} = 1, a_{31} = 2, a_{37} = -9, a_{43} = -6, a_{61} = -13, a_{67} = 3, a_{73} = -9, a_{79} = -5, a_{97} = -3 \\ 
8100 & -3 & 10 & 1 & a_{7} = -1, a_{13} = -3, a_{19} = 3, a_{31} = -2, a_{37} = -1, a_{43} = -10, a_{61} = -1, a_{67} = -11, a_{73} = -13, a_{79} = -3, a_{97} = 1 \\ 
8100 & -3 & 10 & 1 & a_{7} = 1, a_{13} = 3, a_{19} = 3, a_{31} = -2, a_{37} = 1, a_{43} = 10, a_{61} = -1, a_{67} = 11, a_{73} = 13, a_{79} = -3, a_{97} = -1 \\ 
8100 & -3 & 6 & 1 & a_{7} = 3, a_{13} = 3, a_{19} = 1, a_{31} = 2, a_{37} = 9, a_{43} = 6, a_{61} = -13, a_{67} = -3, a_{73} = 9, a_{79} = -5, a_{97} = 3 \\ 
8748 & -3 & 6 & 3 & a_{7} = 2, a_{13} = -1, a_{19} = -1, a_{31} = -1, a_{37} = 8, a_{43} = 11, a_{61} = 5, a_{67} = -7, a_{73} = 11, a_{79} = -7, a_{97} = -7 \\ 
8748 & -3 & 6 & 9 & a_{7} = 2, a_{13} = -1, a_{19} = 5, a_{31} = -7, a_{37} = -4, a_{43} = 5, a_{61} = 5, a_{67} = 11, a_{73} = -1, a_{79} = 11, a_{97} = -7 \\ 
10368 & -4 & 6 & 1 & a_{5} = -1, a_{13} = -3, a_{17} = 4, a_{29} = 1, a_{37} = -8, a_{41} = 5, a_{53} = -8, a_{61} = -7, a_{73} = -12, a_{89} = -4, a_{97} = -3 \\ 
10368 & -4 & 6 & 1 & a_{5} = -1, a_{13} = -3, a_{17} = 5, a_{29} = -5, a_{37} = 5, a_{41} = -2, a_{53} = -2, a_{61} = 13, a_{73} = 3, a_{89} = 13, a_{97} = -6 \\ 
10368 & -4 & 6 & 1 & a_{5} = -1, a_{13} = 3, a_{17} = -5, a_{29} = -5, a_{37} = -5, a_{41} = 2, a_{53} = -2, a_{61} = -13, a_{73} = 3, a_{89} = -13, a_{97} = -6 \\ 
10368 & -4 & 6 & 1 & a_{5} = -1, a_{13} = 3, a_{17} = -4, a_{29} = 1, a_{37} = 8, a_{41} = -5, a_{53} = -8, a_{61} = 7, a_{73} = -12, a_{89} = 4, a_{97} = -3 \\ 
10368 & -4 & 6 & 1 & a_{5} = 1, a_{13} = -3, a_{17} = -5, a_{29} = 5, a_{37} = 5, a_{41} = 2, a_{53} = 2, a_{61} = 13, a_{73} = 3, a_{89} = -13, a_{97} = -6 \\ 
10368 & -4 & 6 & 1 & a_{5} = 1, a_{13} = -3, a_{17} = -4, a_{29} = -1, a_{37} = -8, a_{41} = -5, a_{53} = 8, a_{61} = -7, a_{73} = -12, a_{89} = 4, a_{97} = -3 \\ 
10368 & -4 & 6 & 1 & a_{5} = 1, a_{13} = 3, a_{17} = 4, a_{29} = -1, a_{37} = 8, a_{41} = 5, a_{53} = 8, a_{61} = 7, a_{73} = -12, a_{89} = -4, a_{97} = -3 \\ 
10368 & -4 & 6 & 1 & a_{5} = 1, a_{13} = 3, a_{17} = 5, a_{29} = 5, a_{37} = -5, a_{41} = -2, a_{53} = 2, a_{61} = -13, a_{73} = 3, a_{89} = 13, a_{97} = -6 \\ 
10404 & -51 & 6 & 1 & a_{5} = -1, a_{11} = -1, a_{13} = 1, a_{19} = -3, a_{23} = 5, a_{29} = 8, a_{41} = -11, a_{43} = -9, a_{67} = -10, a_{71} = 10 \\ 
10404 & -51 & 6 & 1 & a_{5} = 1, a_{11} = 1, a_{13} = 1, a_{19} = -3, a_{23} = -5, a_{29} = -8, a_{41} = 11, a_{43} = -9, a_{67} = -10, a_{71} = -10 \\ 
10584 & -3 & 6 & 3 & a_{13} = -4, a_{19} = -1, a_{31} = -7, a_{37} = 8, a_{43} = -1, a_{61} = 5, a_{67} = 2, a_{73} = -1, a_{79} = -4, a_{97} = -1 \\ 
10584 & -3 & 10 & 1 & a_{13} = 0, a_{19} = -7, a_{31} = 3, a_{37} = -4, a_{43} = 5, a_{61} = -3, a_{67} = 10, a_{73} = -5, a_{79} = 12, a_{97} = -5 \\ 
10584 & -3 & 10 & 1 & a_{13} = 0, a_{19} = 7, a_{31} = -3, a_{37} = -4, a_{43} = 5, a_{61} = 3, a_{67} = 10, a_{73} = 5, a_{79} = 12, a_{97} = 5 \\ 
10584 & -3 & 6 & 1 & a_{13} = 4, a_{19} = 1, a_{31} = 7, a_{37} = 8, a_{43} = -1, a_{61} = -5, a_{67} = 2, a_{73} = 1, a_{79} = -4, a_{97} = 1 \\ 
10800 & -3 & 6 & 1 & a_{7} = -3, a_{13} = -3, a_{19} = 1, a_{31} = 2, a_{37} = -9, a_{43} = -6, a_{61} = -13, a_{67} = 3, a_{73} = -9, a_{79} = -5, a_{97} = -3 \\ 
10800 & -3 & 6 & 1 & a_{7} = -3, a_{13} = 3, a_{19} = -1, a_{31} = -2, a_{37} = 9, a_{43} = -6, a_{61} = -13, a_{67} = 3, a_{73} = 9, a_{79} = 5, a_{97} = 3 \\ 
10800 & -3 & 10 & 1 & a_{7} = -1, a_{13} = -3, a_{19} = 3, a_{31} = -2, a_{37} = -1, a_{43} = -10, a_{61} = -1, a_{67} = -11, a_{73} = -13, a_{79} = -3, a_{97} = 1 \\ 
10800 & -3 & 10 & 1 & a_{7} = -1, a_{13} = 3, a_{19} = -3, a_{31} = 2, a_{37} = 1, a_{43} = -10, a_{61} = -1, a_{67} = -11, a_{73} = 13, a_{79} = 3, a_{97} = -1 \\ 
10800 & -3 & 10 & 1 & a_{7} = 1, a_{13} = -3, a_{19} = -3, a_{31} = 2, a_{37} = -1, a_{43} = 10, a_{61} = -1, a_{67} = 11, a_{73} = -13, a_{79} = 3, a_{97} = 1 \\ 
10800 & -3 & 10 & 1 & a_{7} = 1, a_{13} = 3, a_{19} = 3, a_{31} = -2, a_{37} = 1, a_{43} = 10, a_{61} = -1, a_{67} = 11, a_{73} = 13, a_{79} = -3, a_{97} = -1 \\ 
10800 & -3 & 6 & 1 & a_{7} = 3, a_{13} = -3, a_{19} = -1, a_{31} = -2, a_{37} = -9, a_{43} = 6, a_{61} = -13, a_{67} = -3, a_{73} = -9, a_{79} = 5, a_{97} = -3 \\ 
10800 & -3 & 6 & 1 & a_{7} = 3, a_{13} = 3, a_{19} = 1, a_{31} = 2, a_{37} = 9, a_{43} = 6, a_{61} = -13, a_{67} = -3, a_{73} = 9, a_{79} = -5, a_{97} = 3 \\ 
10816 & -52 & 6 & 1 & a_{7} = -3, a_{11} = -5, a_{17} = 7, a_{19} = -5, a_{29} = -5, a_{31} = -2, a_{47} = 4, a_{53} = 4, a_{59} = -7, a_{61} = 3, a_{67} = 3, a_{71} = -7, a_{83} = 14 \\ 
10816 & -52 & 6 & 1 & a_{7} = -3, a_{11} = 5, a_{17} = 7, a_{19} = 5, a_{29} = 5, a_{31} = -2, a_{47} = 4, a_{53} = -4, a_{59} = 7, a_{61} = -3, a_{67} = -3, a_{71} = -7, a_{83} = -14 \\ 
10816 & -52 & 6 & 1 & a_{7} = 3, a_{11} = -5, a_{17} = 7, a_{19} = -5, a_{29} = 5, a_{31} = 2, a_{47} = -4, a_{53} = -4, a_{59} = -7, a_{61} = -3, a_{67} = 3, a_{71} = 7, a_{83} = 14 \\ 
10816 & -52 & 6 & 1 & a_{7} = 3, a_{11} = 5, a_{17} = 7, a_{19} = 5, a_{29} = -5, a_{31} = 2, a_{47} = -4, a_{53} = 4, a_{59} = 7, a_{61} = 3, a_{67} = -3, a_{71} = 7, a_{83} = -14 \\ 
10816 & -4 & 22 & 1 & a_{5} = 0, a_{17} = -3, a_{29} = -5, a_{37} = -9, a_{41} = 3, a_{53} = -8, a_{61} = -9, a_{73} = 4, a_{89} = 1, a_{97} = -7 \\ 
10816 & -4 & 22 & 1 & a_{5} = 0, a_{17} = -3, a_{29} = -5, a_{37} = 9, a_{41} = -3, a_{53} = -8, a_{61} = -9, a_{73} = -4, a_{89} = -1, a_{97} = 7 \\ 
10816 & -4 & 22 & 1 & a_{5} = 0, a_{17} = -3, a_{29} = 5, a_{37} = -9, a_{41} = -3, a_{53} = 8, a_{61} = 9, a_{73} = -4, a_{89} = -1, a_{97} = 7 \\ 
10816 & -4 & 22 & 1 & a_{5} = 0, a_{17} = -3, a_{29} = 5, a_{37} = 9, a_{41} = 3, a_{53} = 8, a_{61} = 9, a_{73} = 4, a_{89} = 1, a_{97} = -7 \\ 
11664 & -3 & 6 & 1 & a_{7} = -2, a_{13} = -1, a_{19} = -5, a_{31} = 7, a_{37} = -4, a_{43} = -5, a_{61} = 5, a_{67} = -11, a_{73} = -1, a_{79} = -11, a_{97} = -7 \\ 
11664 & -3 & 6 & 1 & a_{7} = -2, a_{13} = -1, a_{19} = 1, a_{31} = 1, a_{37} = 8, a_{43} = -11, a_{61} = 5, a_{67} = 7, a_{73} = 11, a_{79} = 7, a_{97} = -7 \\ 
11664 & -3 & 6 & 3 & a_{7} = 2, a_{13} = -1, a_{19} = -1, a_{31} = -1, a_{37} = 8, a_{43} = 11, a_{61} = 5, a_{67} = -7, a_{73} = 11, a_{79} = -7, a_{97} = -7 \\ 
11664 & -3 & 6 & 9 & a_{7} = 2, a_{13} = -1, a_{19} = 5, a_{31} = -7, a_{37} = -4, a_{43} = 5, a_{61} = 5, a_{67} = 11, a_{73} = -1, a_{79} = 11, a_{97} = -7 \\ 
11907 & -7 & 15 & 1 & a_{2} = -1, a_{11} = 2, a_{23} = -2, a_{29} = 7, a_{37} = -9, a_{43} = 0, a_{53} = -2, a_{67} = 10, a_{71} = 8, a_{79} = 14 \\ 
11907 & -7 & 15 & 1 & a_{2} = 1, a_{11} = -2, a_{23} = 2, a_{29} = -7, a_{37} = -9, a_{43} = 0, a_{53} = 2, a_{67} = 10, a_{71} = -8, a_{79} = 14 \\ 
11907 & -3 & 6 & 3 & a_{13} = -4, a_{19} = -1, a_{31} = -7, a_{37} = 8, a_{43} = -1, a_{61} = 5, a_{67} = 2, a_{73} = -1, a_{79} = -4, a_{97} = -1 \\ 
11907 & -3 & 6 & 9 & a_{13} = -4, a_{19} = -1, a_{31} = 2, a_{37} = -1, a_{43} = -1, a_{61} = -4, a_{67} = -7, a_{73} = 11, a_{79} = -10, a_{97} = -13 \\ 
11907 & -3 & 6 & 3 & a_{13} = -1, a_{19} = -1, a_{31} = -1, a_{37} = 8, a_{43} = 11, a_{61} = 5, a_{67} = -7, a_{73} = 11, a_{79} = -7, a_{97} = -7 \\ 
11907 & -3 & 6 & 1 & a_{13} = 1, a_{19} = 1, a_{31} = 1, a_{37} = 8, a_{43} = 11, a_{61} = -5, a_{67} = -7, a_{73} = -11, a_{79} = -7, a_{97} = 7 \\ 
11907 & -3 & 6 & 1 & a_{13} = 4, a_{19} = 1, a_{31} = -2, a_{37} = -1, a_{43} = -1, a_{61} = 4, a_{67} = -7, a_{73} = -11, a_{79} = -10, a_{97} = 13 \\ 
11907 & -3 & 6 & 1 & a_{13} = 4, a_{19} = 1, a_{31} = 7, a_{37} = 8, a_{43} = -1, a_{61} = -5, a_{67} = 2, a_{73} = 1, a_{79} = -4, a_{97} = 1 \\ 
12544 & -8 & 14 & 1 & a_{3} = -1, a_{11} = -1, a_{17} = 5, a_{19} = -3, a_{41} = -4, a_{43} = -10, a_{59} = 5, a_{67} = 7, a_{73} = -15, a_{83} = -6, a_{89} = 5, a_{97} = 8 \\ 
12544 & -8 & 14 & 1 & a_{3} = -1, a_{11} = 1, a_{17} = -5, a_{19} = -3, a_{41} = 4, a_{43} = 10, a_{59} = 5, a_{67} = -7, a_{73} = 15, a_{83} = -6, a_{89} = -5, a_{97} = -8 \\ 
12544 & -8 & 14 & 1 & a_{3} = 1, a_{11} = -1, a_{17} = -5, a_{19} = 3, a_{41} = 4, a_{43} = -10, a_{59} = -5, a_{67} = 7, a_{73} = 15, a_{83} = 6, a_{89} = -5, a_{97} = -8 \\ 
12544 & -8 & 14 & 1 & a_{3} = 1, a_{11} = 1, a_{17} = 5, a_{19} = 3, a_{41} = -4, a_{43} = 10, a_{59} = -5, a_{67} = -7, a_{73} = -15, a_{83} = 6, a_{89} = 5, a_{97} = 8 \\ 
12544 & -4 & 14 & 1 & a_{5} = -3, a_{13} = -4, a_{17} = -1, a_{29} = 4, a_{37} = 5, a_{41} = -8, a_{53} = -7, a_{61} = -5, a_{73} = 9, a_{89} = 9, a_{97} = 8 \\ 
12544 & -4 & 14 & 1 & a_{5} = -3, a_{13} = -4, a_{17} = 1, a_{29} = -4, a_{37} = -5, a_{41} = 8, a_{53} = 7, a_{61} = -5, a_{73} = -9, a_{89} = -9, a_{97} = -8 \\ 
12544 & -4 & 6 & 1 & a_{5} = -1, a_{13} = 0, a_{17} = -5, a_{29} = 8, a_{37} = -5, a_{41} = -4, a_{53} = -1, a_{61} = -11, a_{73} = -15, a_{89} = -7, a_{97} = -12 \\ 
12544 & -4 & 6 & 1 & a_{5} = -1, a_{13} = 0, a_{17} = 5, a_{29} = -8, a_{37} = 5, a_{41} = 4, a_{53} = 1, a_{61} = -11, a_{73} = 15, a_{89} = 7, a_{97} = 12 \\ 
12544 & -4 & 6 & 1 & a_{5} = 1, a_{13} = 0, a_{17} = -5, a_{29} = -8, a_{37} = 5, a_{41} = -4, a_{53} = 1, a_{61} = 11, a_{73} = -15, a_{89} = -7, a_{97} = -12 \\ 
12544 & -4 & 6 & 1 & a_{5} = 1, a_{13} = 0, a_{17} = 5, a_{29} = 8, a_{37} = -5, a_{41} = 4, a_{53} = -1, a_{61} = 11, a_{73} = 15, a_{89} = 7, a_{97} = 12 \\ 
12544 & -4 & 14 & 1 & a_{5} = 3, a_{13} = 4, a_{17} = -1, a_{29} = -4, a_{37} = -5, a_{41} = -8, a_{53} = 7, a_{61} = 5, a_{73} = 9, a_{89} = 9, a_{97} = 8 \\ 
12544 & -4 & 14 & 1 & a_{5} = 3, a_{13} = 4, a_{17} = 1, a_{29} = 4, a_{37} = 5, a_{41} = 8, a_{53} = -7, a_{61} = 5, a_{73} = -9, a_{89} = -9, a_{97} = -8 \\ 
12800 & -4 & 6 & 2 & a_{13} = 0, a_{17} = -4, a_{29} = -8, a_{37} = 4, a_{41} = -8, a_{53} = 8, a_{61} = -6, a_{73} = -4, a_{89} = 2, a_{97} = 4 \\ 
12800 & -4 & 6 & 2 & a_{13} = 0, a_{17} = -4, a_{29} = 8, a_{37} = -4, a_{41} = -8, a_{53} = -8, a_{61} = 6, a_{73} = -4, a_{89} = 2, a_{97} = 4 \\ 
12800 & -4 & 6 & 2 & a_{13} = 0, a_{17} = 4, a_{29} = -8, a_{37} = -4, a_{41} = -8, a_{53} = -8, a_{61} = -6, a_{73} = 4, a_{89} = 2, a_{97} = -4 \\ 
12800 & -4 & 6 & 2 & a_{13} = 0, a_{17} = 4, a_{29} = 8, a_{37} = 4, a_{41} = -8, a_{53} = 8, a_{61} = 6, a_{73} = 4, a_{89} = 2, a_{97} = -4 \\ 
13068 & -3 & 6 & 1 & a_{7} = -3, a_{13} = -3, a_{19} = -3, a_{31} = -2, a_{37} = 1, a_{43} = 0, a_{61} = 3, a_{67} = 7, a_{73} = -15, a_{79} = -15, a_{97} = -13 \\ 
13068 & -3 & 10 & 1 & a_{7} = -1, a_{13} = 3, a_{19} = -2, a_{31} = -9, a_{37} = 0, a_{43} = -2, a_{61} = 4, a_{67} = -5, a_{73} = 3, a_{79} = -13, a_{97} = 1 \\ 
13068 & -3 & 10 & 1 & a_{7} = -1, a_{13} = 5, a_{19} = 6, a_{31} = 1, a_{37} = 4, a_{43} = 2, a_{61} = 8, a_{67} = 9, a_{73} = -15, a_{79} = -1, a_{97} = -11 \\ 
13068 & -3 & 10 & 1 & a_{7} = 1, a_{13} = -5, a_{19} = -6, a_{31} = 1, a_{37} = 4, a_{43} = -2, a_{61} = -8, a_{67} = 9, a_{73} = 15, a_{79} = 1, a_{97} = -11 \\ 
13068 & -3 & 10 & 1 & a_{7} = 1, a_{13} = -3, a_{19} = 2, a_{31} = -9, a_{37} = 0, a_{43} = 2, a_{61} = -4, a_{67} = -5, a_{73} = -3, a_{79} = 13, a_{97} = 1 \\ 
13068 & -3 & 6 & 1 & a_{7} = 3, a_{13} = 3, a_{19} = 3, a_{31} = -2, a_{37} = 1, a_{43} = 0, a_{61} = -3, a_{67} = 7, a_{73} = 15, a_{79} = 15, a_{97} = -13 \\ 
14112 & -4 & 14 & 1 & a_{5} = -3, a_{13} = -4, a_{17} = 1, a_{29} = -4, a_{37} = -5, a_{41} = 8, a_{53} = 7, a_{61} = -5, a_{73} = -9, a_{89} = -9, a_{97} = -8 \\ 
14112 & -4 & 14 & 1 & a_{5} = -3, a_{13} = 4, a_{17} = 1, a_{29} = 4, a_{37} = -5, a_{41} = 8, a_{53} = -7, a_{61} = 5, a_{73} = 9, a_{89} = -9, a_{97} = 8 \\ 
14112 & -4 & 21 & 1 & a_{5} = -2, a_{13} = -3, a_{17} = 2, a_{29} = -4, a_{37} = -5, a_{41} = 4, a_{53} = -10, a_{61} = 2, a_{73} = 9, a_{89} = 4, a_{97} = -6 \\ 
14112 & -4 & 21 & 1 & a_{5} = -2, a_{13} = 3, a_{17} = 2, a_{29} = 4, a_{37} = -5, a_{41} = 4, a_{53} = 10, a_{61} = -2, a_{73} = -9, a_{89} = 4, a_{97} = 6 \\ 
14112 & -4 & 6 & 1 & a_{5} = -1, a_{13} = 0, a_{17} = -5, a_{29} = -8, a_{37} = -5, a_{41} = -4, a_{53} = 1, a_{61} = 11, a_{73} = 15, a_{89} = -7, a_{97} = 12 \\ 
14112 & -4 & 6 & 1 & a_{5} = -1, a_{13} = 0, a_{17} = -5, a_{29} = 8, a_{37} = -5, a_{41} = -4, a_{53} = -1, a_{61} = -11, a_{73} = -15, a_{89} = -7, a_{97} = -12 \\ 
14112 & -4 & 6 & 1 & a_{5} = 1, a_{13} = 0, a_{17} = 5, a_{29} = -8, a_{37} = -5, a_{41} = 4, a_{53} = 1, a_{61} = -11, a_{73} = -15, a_{89} = 7, a_{97} = -12 \\ 
14112 & -4 & 6 & 1 & a_{5} = 1, a_{13} = 0, a_{17} = 5, a_{29} = 8, a_{37} = -5, a_{41} = 4, a_{53} = -1, a_{61} = 11, a_{73} = 15, a_{89} = 7, a_{97} = 12 \\ 
14112 & -4 & 21 & 1 & a_{5} = 2, a_{13} = -3, a_{17} = -2, a_{29} = 4, a_{37} = -5, a_{41} = -4, a_{53} = 10, a_{61} = 2, a_{73} = 9, a_{89} = -4, a_{97} = -6 \\ 
14112 & -4 & 21 & 1 & a_{5} = 2, a_{13} = 3, a_{17} = -2, a_{29} = -4, a_{37} = -5, a_{41} = -4, a_{53} = -10, a_{61} = -2, a_{73} = -9, a_{89} = -4, a_{97} = 6 \\ 
14112 & -4 & 14 & 1 & a_{5} = 3, a_{13} = -4, a_{17} = -1, a_{29} = 4, a_{37} = -5, a_{41} = -8, a_{53} = -7, a_{61} = -5, a_{73} = -9, a_{89} = 9, a_{97} = -8 \\ 
14112 & -4 & 14 & 1 & a_{5} = 3, a_{13} = 4, a_{17} = -1, a_{29} = -4, a_{37} = -5, a_{41} = -8, a_{53} = 7, a_{61} = 5, a_{73} = 9, a_{89} = 9, a_{97} = 8 \\ 
14283 & -3 & 6 & 1 & a_{7} = -3, a_{13} = 1, a_{19} = 3, a_{31} = 10, a_{37} = 3, a_{43} = 6, a_{61} = -15, a_{67} = 15, a_{73} = 13, a_{79} = 15, a_{97} = 9 \\ 
14283 & -3 & 6 & 1 & a_{7} = 3, a_{13} = 1, a_{19} = -3, a_{31} = 10, a_{37} = -3, a_{43} = -6, a_{61} = 15, a_{67} = -15, a_{73} = 13, a_{79} = -15, a_{97} = -9 \\ 
14792 & -43 & 10 & 1 & a_{11} = -3, a_{13} = 5, a_{17} = 1, a_{23} = 3, a_{31} = -9, a_{41} = -1, a_{47} = 6, a_{53} = 3, a_{59} = -2, a_{67} = 11, a_{79} = 2, a_{83} = 15, a_{97} = 11 \\ 
14792 & -43 & 6 & 1 & a_{11} = -1, a_{13} = -3, a_{17} = -7, a_{23} = 1, a_{31} = -3, a_{41} = -5, a_{47} = -10, a_{53} = -1, a_{59} = -10, a_{67} = 9, a_{79} = -6, a_{83} = 1, a_{97} = 11 \\ 
15552 & -3 & 6 & 1 & a_{7} = -2, a_{13} = -1, a_{19} = -5, a_{31} = 7, a_{37} = -4, a_{43} = -5, a_{61} = 5, a_{67} = -11, a_{73} = -1, a_{79} = -11, a_{97} = -7 \\ 
15552 & -3 & 6 & 1 & a_{7} = -2, a_{13} = -1, a_{19} = 1, a_{31} = 1, a_{37} = 8, a_{43} = -11, a_{61} = 5, a_{67} = 7, a_{73} = 11, a_{79} = 7, a_{97} = -7 \\ 
15552 & -3 & 6 & 1 & a_{7} = -2, a_{13} = 1, a_{19} = -1, a_{31} = 1, a_{37} = -8, a_{43} = 11, a_{61} = -5, a_{67} = -7, a_{73} = 11, a_{79} = 7, a_{97} = -7 \\ 
15552 & -3 & 6 & 1 & a_{7} = -2, a_{13} = 1, a_{19} = 5, a_{31} = 7, a_{37} = 4, a_{43} = 5, a_{61} = -5, a_{67} = 11, a_{73} = -1, a_{79} = -11, a_{97} = -7 \\ 
15552 & -3 & 6 & 3 & a_{7} = 2, a_{13} = -1, a_{19} = -1, a_{31} = -1, a_{37} = 8, a_{43} = 11, a_{61} = 5, a_{67} = -7, a_{73} = 11, a_{79} = -7, a_{97} = -7 \\ 
15552 & -3 & 6 & 9 & a_{7} = 2, a_{13} = -1, a_{19} = 5, a_{31} = -7, a_{37} = -4, a_{43} = 5, a_{61} = 5, a_{67} = 11, a_{73} = -1, a_{79} = 11, a_{97} = -7 \\ 
15552 & -3 & 6 & 1 & a_{7} = 2, a_{13} = 1, a_{19} = -5, a_{31} = -7, a_{37} = 4, a_{43} = -5, a_{61} = -5, a_{67} = -11, a_{73} = -1, a_{79} = 11, a_{97} = -7 \\ 
15552 & -3 & 6 & 1 & a_{7} = 2, a_{13} = 1, a_{19} = 1, a_{31} = -1, a_{37} = -8, a_{43} = -11, a_{61} = -5, a_{67} = 7, a_{73} = 11, a_{79} = -7, a_{97} = -7 \\ 
15552 & -4 & 6 & 1 & a_{5} = -1, a_{13} = -3, a_{17} = 4, a_{29} = 1, a_{37} = -8, a_{41} = 5, a_{53} = -8, a_{61} = -7, a_{73} = -12, a_{89} = -4, a_{97} = -3 \\ 
15552 & -4 & 6 & 1 & a_{5} = -1, a_{13} = -3, a_{17} = 5, a_{29} = -5, a_{37} = 5, a_{41} = -2, a_{53} = -2, a_{61} = 13, a_{73} = 3, a_{89} = 13, a_{97} = -6 \\ 
15552 & -4 & 6 & 1 & a_{5} = -1, a_{13} = 3, a_{17} = -5, a_{29} = -5, a_{37} = -5, a_{41} = 2, a_{53} = -2, a_{61} = -13, a_{73} = 3, a_{89} = -13, a_{97} = -6 \\ 
15552 & -4 & 6 & 1 & a_{5} = -1, a_{13} = 3, a_{17} = -4, a_{29} = 1, a_{37} = 8, a_{41} = -5, a_{53} = -8, a_{61} = 7, a_{73} = -12, a_{89} = 4, a_{97} = -3 \\ 
15552 & -4 & 6 & 1 & a_{5} = 1, a_{13} = -3, a_{17} = -5, a_{29} = 5, a_{37} = 5, a_{41} = 2, a_{53} = 2, a_{61} = 13, a_{73} = 3, a_{89} = -13, a_{97} = -6 \\ 
15552 & -4 & 6 & 1 & a_{5} = 1, a_{13} = -3, a_{17} = -4, a_{29} = -1, a_{37} = -8, a_{41} = -5, a_{53} = 8, a_{61} = -7, a_{73} = -12, a_{89} = 4, a_{97} = -3 \\ 
15552 & -4 & 6 & 1 & a_{5} = 1, a_{13} = 3, a_{17} = 4, a_{29} = -1, a_{37} = 8, a_{41} = 5, a_{53} = 8, a_{61} = 7, a_{73} = -12, a_{89} = -4, a_{97} = -3 \\ 
15552 & -4 & 6 & 1 & a_{5} = 1, a_{13} = 3, a_{17} = 5, a_{29} = 5, a_{37} = -5, a_{41} = -2, a_{53} = 2, a_{61} = -13, a_{73} = 3, a_{89} = 13, a_{97} = -6 \\ 
15876 & -7 & 15 & 1 & a_{11} = -2, a_{23} = 2, a_{29} = -7, a_{37} = -9, a_{43} = 0, a_{53} = 2, a_{67} = 10, a_{71} = -8, a_{79} = 14 \\ 
15876 & -7 & 15 & 1 & a_{11} = 2, a_{23} = -2, a_{29} = 7, a_{37} = -9, a_{43} = 0, a_{53} = -2, a_{67} = 10, a_{71} = 8, a_{79} = 14 \\ 
15876 & -3 & 6 & 3 & a_{13} = -4, a_{19} = -1, a_{31} = -7, a_{37} = 8, a_{43} = -1, a_{61} = 5, a_{67} = 2, a_{73} = -1, a_{79} = -4, a_{97} = -1 \\ 
15876 & -3 & 10 & 1 & a_{13} = 0, a_{19} = -7, a_{31} = 3, a_{37} = -4, a_{43} = 5, a_{61} = -3, a_{67} = 10, a_{73} = -5, a_{79} = 12, a_{97} = -5 \\ 
15876 & -3 & 10 & 1 & a_{13} = 0, a_{19} = 7, a_{31} = -3, a_{37} = -4, a_{43} = 5, a_{61} = 3, a_{67} = 10, a_{73} = 5, a_{79} = 12, a_{97} = 5 \\ 
15876 & -3 & 6 & 1 & a_{13} = 4, a_{19} = 1, a_{31} = 7, a_{37} = 8, a_{43} = -1, a_{61} = -5, a_{67} = 2, a_{73} = 1, a_{79} = -4, a_{97} = 1 \\ 
16200 & -3 & 6 & 1 & a_{7} = -3, a_{13} = -3, a_{19} = 1, a_{31} = 2, a_{37} = -9, a_{43} = -6, a_{61} = -13, a_{67} = 3, a_{73} = -9, a_{79} = -5, a_{97} = -3 \\ 
16200 & -3 & 10 & 1 & a_{7} = -1, a_{13} = -3, a_{19} = 3, a_{31} = -2, a_{37} = -1, a_{43} = -10, a_{61} = -1, a_{67} = -11, a_{73} = -13, a_{79} = -3, a_{97} = 1 \\ 
16200 & -3 & 10 & 1 & a_{7} = 1, a_{13} = 3, a_{19} = 3, a_{31} = -2, a_{37} = 1, a_{43} = 10, a_{61} = -1, a_{67} = 11, a_{73} = 13, a_{79} = -3, a_{97} = -1 \\ 
16200 & -3 & 6 & 1 & a_{7} = 3, a_{13} = 3, a_{19} = 1, a_{31} = 2, a_{37} = 9, a_{43} = 6, a_{61} = -13, a_{67} = -3, a_{73} = 9, a_{79} = -5, a_{97} = 3 \\ 
16641 & -43 & 6 & 1 & a_{11} = -1, a_{13} = -3, a_{17} = -7, a_{23} = 1, a_{31} = -3, a_{41} = -5, a_{47} = -10, a_{53} = -1, a_{59} = -10, a_{67} = 9, a_{79} = -6, a_{83} = 1, a_{97} = 11 \\ 
16641 & -43 & 6 & 1 & a_{11} = 1, a_{13} = -3, a_{17} = 7, a_{23} = -1, a_{31} = -3, a_{41} = 5, a_{47} = 10, a_{53} = 1, a_{59} = 10, a_{67} = 9, a_{79} = -6, a_{83} = -1, a_{97} = 11 \\ 
16875 & -3 & 6 & 1 & a_{7} = -3, a_{13} = -3, a_{19} = 1, a_{31} = 2, a_{37} = -9, a_{43} = -6, a_{61} = -13, a_{67} = 3, a_{73} = -9, a_{79} = -5, a_{97} = -3 \\ 
16875 & -3 & 6 & 1 & a_{7} = 3, a_{13} = 3, a_{19} = 1, a_{31} = 2, a_{37} = 9, a_{43} = 6, a_{61} = -13, a_{67} = -3, a_{73} = 9, a_{79} = -5, a_{97} = 3 \\ 
16928 & -4 & 6 & 1 & a_{5} = -1, a_{13} = 3, a_{17} = 4, a_{29} = -7, a_{37} = -4, a_{41} = -5, a_{53} = -11, a_{61} = 7, a_{73} = -9, a_{89} = 11, a_{97} = -9 \\ 
16928 & -4 & 6 & 1 & a_{5} = 1, a_{13} = 3, a_{17} = -4, a_{29} = -7, a_{37} = 4, a_{41} = -5, a_{53} = 11, a_{61} = -7, a_{73} = -9, a_{89} = -11, a_{97} = 9 \\ 
17496 & -3 & 6 & 3 & a_{7} = 2, a_{13} = -1, a_{19} = -1, a_{31} = -1, a_{37} = 8, a_{43} = 11, a_{61} = 5, a_{67} = -7, a_{73} = 11, a_{79} = -7, a_{97} = -7 \\ 
17496 & -3 & 6 & 9 & a_{7} = 2, a_{13} = -1, a_{19} = 5, a_{31} = -7, a_{37} = -4, a_{43} = 5, a_{61} = 5, a_{67} = 11, a_{73} = -1, a_{79} = 11, a_{97} = -7 \\ 
18225 & -3 & 6 & 1 & a_{7} = -3, a_{13} = -3, a_{19} = 1, a_{31} = 2, a_{37} = -9, a_{43} = -6, a_{61} = -13, a_{67} = 3, a_{73} = -9, a_{79} = -5, a_{97} = -3 \\ 
18225 & -3 & 6 & 1 & a_{7} = -2, a_{13} = 1, a_{19} = -1, a_{31} = -1, a_{37} = -8, a_{43} = -11, a_{61} = 5, a_{67} = 7, a_{73} = -11, a_{79} = -7, a_{97} = 7 \\ 
18225 & -3 & 6 & 3 & a_{7} = 2, a_{13} = -1, a_{19} = -1, a_{31} = -1, a_{37} = 8, a_{43} = 11, a_{61} = 5, a_{67} = -7, a_{73} = 11, a_{79} = -7, a_{97} = -7 \\ 
18225 & -3 & 6 & 1 & a_{7} = 3, a_{13} = 3, a_{19} = 1, a_{31} = 2, a_{37} = 9, a_{43} = 6, a_{61} = -13, a_{67} = -3, a_{73} = 9, a_{79} = -5, a_{97} = 3 \\ 
18252 & -3 & 10 & 1 & a_{7} = -1, a_{19} = -3, a_{31} = -1, a_{37} = 9, a_{43} = -5, a_{61} = -8, a_{67} = 14, a_{73} = -2, a_{79} = 2, a_{97} = 10 \\ 
18252 & -3 & 10 & 1 & a_{7} = 1, a_{19} = 3, a_{31} = 1, a_{37} = -9, a_{43} = -5, a_{61} = -8, a_{67} = -14, a_{73} = 2, a_{79} = 2, a_{97} = -10 \\ 
19044 & -3 & 10 & 1 & a_{7} = -1, a_{13} = -5, a_{19} = -2, a_{31} = 6, a_{37} = -1, a_{43} = 7, a_{61} = 7, a_{67} = 5, a_{73} = 0, a_{79} = 6, a_{97} = -6 \\ 
19044 & -3 & 10 & 1 & a_{7} = 1, a_{13} = -5, a_{19} = 2, a_{31} = 6, a_{37} = 1, a_{43} = -7, a_{61} = -7, a_{67} = -5, a_{73} = 0, a_{79} = -6, a_{97} = 6 \\ 
19683 & -3 & 6 & 3 & a_{7} = 2, a_{13} = -1, a_{19} = -1, a_{31} = -1, a_{37} = 8, a_{43} = 11, a_{61} = 5, a_{67} = -7, a_{73} = 11, a_{79} = -7, a_{97} = -7 \\ 
20736 & -8 & 10 & 1 & a_{11} = -3, a_{17} = 0, a_{19} = -2, a_{41} = -9, a_{43} = 7, a_{59} = 3, a_{67} = 11, a_{73} = -8, a_{83} = -3, a_{89} = 12, a_{97} = 1 \\ 
20736 & -8 & 10 & 1 & a_{11} = -3, a_{17} = 0, a_{19} = 2, a_{41} = 9, a_{43} = -7, a_{59} = 3, a_{67} = -11, a_{73} = -8, a_{83} = -3, a_{89} = -12, a_{97} = 1 \\ 
20736 & -8 & 10 & 1 & a_{11} = 3, a_{17} = 0, a_{19} = -2, a_{41} = 9, a_{43} = 7, a_{59} = -3, a_{67} = 11, a_{73} = -8, a_{83} = 3, a_{89} = -12, a_{97} = 1 \\ 
20736 & -8 & 10 & 1 & a_{11} = 3, a_{17} = 0, a_{19} = 2, a_{41} = -9, a_{43} = -7, a_{59} = -3, a_{67} = -11, a_{73} = -8, a_{83} = 3, a_{89} = 12, a_{97} = 1 \\ 
20736 & -4 & 22 & 1 & a_{5} = -3, a_{13} = -5, a_{17} = -1, a_{29} = -1, a_{37} = -1, a_{41} = 12, a_{53} = -4, a_{61} = -9, a_{73} = -15, a_{89} = -9, a_{97} = 4 \\ 
20736 & -4 & 22 & 1 & a_{5} = -3, a_{13} = 5, a_{17} = 1, a_{29} = -1, a_{37} = 1, a_{41} = -12, a_{53} = -4, a_{61} = 9, a_{73} = -15, a_{89} = 9, a_{97} = 4 \\ 
20736 & -4 & 6 & 1 & a_{5} = -1, a_{13} = -3, a_{17} = 4, a_{29} = 1, a_{37} = -8, a_{41} = 5, a_{53} = -8, a_{61} = -7, a_{73} = -12, a_{89} = -4, a_{97} = -3 \\ 
20736 & -4 & 6 & 1 & a_{5} = -1, a_{13} = -3, a_{17} = 5, a_{29} = -5, a_{37} = 5, a_{41} = -2, a_{53} = -2, a_{61} = 13, a_{73} = 3, a_{89} = 13, a_{97} = -6 \\ 
20736 & -4 & 6 & 1 & a_{5} = -1, a_{13} = -1, a_{17} = 1, a_{29} = 5, a_{37} = 3, a_{41} = -4, a_{53} = -4, a_{61} = 3, a_{73} = 9, a_{89} = 1, a_{97} = 12 \\ 
20736 & -4 & 6 & 1 & a_{5} = -1, a_{13} = 1, a_{17} = -1, a_{29} = 5, a_{37} = -3, a_{41} = 4, a_{53} = -4, a_{61} = -3, a_{73} = 9, a_{89} = -1, a_{97} = 12 \\ 
20736 & -4 & 6 & 1 & a_{5} = -1, a_{13} = 3, a_{17} = -5, a_{29} = -5, a_{37} = -5, a_{41} = 2, a_{53} = -2, a_{61} = -13, a_{73} = 3, a_{89} = -13, a_{97} = -6 \\ 
20736 & -4 & 6 & 1 & a_{5} = -1, a_{13} = 3, a_{17} = -4, a_{29} = 1, a_{37} = 8, a_{41} = -5, a_{53} = -8, a_{61} = 7, a_{73} = -12, a_{89} = 4, a_{97} = -3 \\ 
20736 & -4 & 6 & 1 & a_{5} = 1, a_{13} = -3, a_{17} = -5, a_{29} = 5, a_{37} = 5, a_{41} = 2, a_{53} = 2, a_{61} = 13, a_{73} = 3, a_{89} = -13, a_{97} = -6 \\ 
20736 & -4 & 6 & 1 & a_{5} = 1, a_{13} = -3, a_{17} = -4, a_{29} = -1, a_{37} = -8, a_{41} = -5, a_{53} = 8, a_{61} = -7, a_{73} = -12, a_{89} = 4, a_{97} = -3 \\ 
20736 & -4 & 6 & 1 & a_{5} = 1, a_{13} = -1, a_{17} = -1, a_{29} = -5, a_{37} = 3, a_{41} = 4, a_{53} = 4, a_{61} = 3, a_{73} = 9, a_{89} = -1, a_{97} = 12 \\ 
20736 & -4 & 6 & 1 & a_{5} = 1, a_{13} = 1, a_{17} = 1, a_{29} = -5, a_{37} = -3, a_{41} = -4, a_{53} = 4, a_{61} = -3, a_{73} = 9, a_{89} = 1, a_{97} = 12 \\ 
20736 & -4 & 6 & 1 & a_{5} = 1, a_{13} = 3, a_{17} = 4, a_{29} = -1, a_{37} = 8, a_{41} = 5, a_{53} = 8, a_{61} = 7, a_{73} = -12, a_{89} = -4, a_{97} = -3 \\ 
20736 & -4 & 6 & 1 & a_{5} = 1, a_{13} = 3, a_{17} = 5, a_{29} = 5, a_{37} = -5, a_{41} = -2, a_{53} = 2, a_{61} = -13, a_{73} = 3, a_{89} = 13, a_{97} = -6 \\ 
20736 & -4 & 22 & 1 & a_{5} = 3, a_{13} = -5, a_{17} = 1, a_{29} = 1, a_{37} = -1, a_{41} = -12, a_{53} = 4, a_{61} = -9, a_{73} = -15, a_{89} = 9, a_{97} = 4 \\ 
20736 & -4 & 22 & 1 & a_{5} = 3, a_{13} = 5, a_{17} = -1, a_{29} = 1, a_{37} = 1, a_{41} = 12, a_{53} = 4, a_{61} = 9, a_{73} = -15, a_{89} = -9, a_{97} = 4 \\ 
20808 & -51 & 6 & 1 & a_{5} = -1, a_{11} = -1, a_{13} = 1, a_{19} = -3, a_{23} = 5, a_{29} = 8, a_{41} = -11, a_{43} = -9, a_{67} = -10, a_{71} = 10 \\ 
20808 & -51 & 6 & 1 & a_{5} = 1, a_{11} = 1, a_{13} = 1, a_{19} = -3, a_{23} = -5, a_{29} = -8, a_{41} = 11, a_{43} = -9, a_{67} = -10, a_{71} = -10 \\ 
21168 & -3 & 6 & 3 & a_{13} = -4, a_{19} = -1, a_{31} = -7, a_{37} = 8, a_{43} = -1, a_{61} = 5, a_{67} = 2, a_{73} = -1, a_{79} = -4, a_{97} = -1 \\ 
21168 & -3 & 6 & 1 & a_{13} = -4, a_{19} = 1, a_{31} = 7, a_{37} = 8, a_{43} = 1, a_{61} = 5, a_{67} = -2, a_{73} = -1, a_{79} = 4, a_{97} = -1 \\ 
21168 & -3 & 10 & 1 & a_{13} = 0, a_{19} = -7, a_{31} = 3, a_{37} = -4, a_{43} = -5, a_{61} = 3, a_{67} = -10, a_{73} = 5, a_{79} = -12, a_{97} = 5 \\ 
21168 & -3 & 10 & 1 & a_{13} = 0, a_{19} = -7, a_{31} = 3, a_{37} = -4, a_{43} = 5, a_{61} = -3, a_{67} = 10, a_{73} = -5, a_{79} = 12, a_{97} = -5 \\ 
21168 & -3 & 10 & 1 & a_{13} = 0, a_{19} = 7, a_{31} = -3, a_{37} = -4, a_{43} = -5, a_{61} = -3, a_{67} = -10, a_{73} = -5, a_{79} = -12, a_{97} = -5 \\ 
21168 & -3 & 10 & 1 & a_{13} = 0, a_{19} = 7, a_{31} = -3, a_{37} = -4, a_{43} = 5, a_{61} = 3, a_{67} = 10, a_{73} = 5, a_{79} = 12, a_{97} = 5 \\ 
21168 & -3 & 6 & 1 & a_{13} = 4, a_{19} = -1, a_{31} = -7, a_{37} = 8, a_{43} = 1, a_{61} = -5, a_{67} = -2, a_{73} = 1, a_{79} = 4, a_{97} = 1 \\ 
21168 & -3 & 6 & 1 & a_{13} = 4, a_{19} = 1, a_{31} = 7, a_{37} = 8, a_{43} = -1, a_{61} = -5, a_{67} = 2, a_{73} = 1, a_{79} = -4, a_{97} = 1 \\ 
21600 & -3 & 6 & 1 & a_{7} = -3, a_{13} = -3, a_{19} = 1, a_{31} = 2, a_{37} = -9, a_{43} = -6, a_{61} = -13, a_{67} = 3, a_{73} = -9, a_{79} = -5, a_{97} = -3 \\ 
21600 & -3 & 6 & 1 & a_{7} = -3, a_{13} = 3, a_{19} = -1, a_{31} = -2, a_{37} = 9, a_{43} = -6, a_{61} = -13, a_{67} = 3, a_{73} = 9, a_{79} = 5, a_{97} = 3 \\ 
21600 & -3 & 10 & 1 & a_{7} = -1, a_{13} = -3, a_{19} = 3, a_{31} = -2, a_{37} = -1, a_{43} = -10, a_{61} = -1, a_{67} = -11, a_{73} = -13, a_{79} = -3, a_{97} = 1 \\ 
21600 & -3 & 10 & 1 & a_{7} = -1, a_{13} = 3, a_{19} = -3, a_{31} = 2, a_{37} = 1, a_{43} = -10, a_{61} = -1, a_{67} = -11, a_{73} = 13, a_{79} = 3, a_{97} = -1 \\ 
21600 & -3 & 10 & 1 & a_{7} = 1, a_{13} = -3, a_{19} = -3, a_{31} = 2, a_{37} = -1, a_{43} = 10, a_{61} = -1, a_{67} = 11, a_{73} = -13, a_{79} = 3, a_{97} = 1 \\ 
21600 & -3 & 10 & 1 & a_{7} = 1, a_{13} = 3, a_{19} = 3, a_{31} = -2, a_{37} = 1, a_{43} = 10, a_{61} = -1, a_{67} = 11, a_{73} = 13, a_{79} = -3, a_{97} = -1 \\ 
21600 & -3 & 6 & 1 & a_{7} = 3, a_{13} = -3, a_{19} = -1, a_{31} = -2, a_{37} = -9, a_{43} = 6, a_{61} = -13, a_{67} = -3, a_{73} = -9, a_{79} = 5, a_{97} = -3 \\ 
21600 & -3 & 6 & 1 & a_{7} = 3, a_{13} = 3, a_{19} = 1, a_{31} = 2, a_{37} = 9, a_{43} = 6, a_{61} = -13, a_{67} = -3, a_{73} = 9, a_{79} = -5, a_{97} = 3 \\ 
21632 & -52 & 6 & 1 & a_{7} = -3, a_{11} = -5, a_{17} = 7, a_{19} = -5, a_{29} = -5, a_{31} = -2, a_{47} = 4, a_{53} = 4, a_{59} = -7, a_{61} = 3, a_{67} = 3, a_{71} = -7, a_{83} = 14 \\ 
21632 & -52 & 6 & 1 & a_{7} = -3, a_{11} = 5, a_{17} = 7, a_{19} = 5, a_{29} = 5, a_{31} = -2, a_{47} = 4, a_{53} = -4, a_{59} = 7, a_{61} = -3, a_{67} = -3, a_{71} = -7, a_{83} = -14 \\ 
21632 & -52 & 6 & 1 & a_{7} = 3, a_{11} = -5, a_{17} = 7, a_{19} = -5, a_{29} = 5, a_{31} = 2, a_{47} = -4, a_{53} = -4, a_{59} = -7, a_{61} = -3, a_{67} = 3, a_{71} = 7, a_{83} = 14 \\ 
21632 & -52 & 6 & 1 & a_{7} = 3, a_{11} = 5, a_{17} = 7, a_{19} = 5, a_{29} = -5, a_{31} = 2, a_{47} = -4, a_{53} = 4, a_{59} = 7, a_{61} = 3, a_{67} = -3, a_{71} = 7, a_{83} = -14 \\ 
21632 & -4 & 22 & 1 & a_{5} = 0, a_{17} = -3, a_{29} = -5, a_{37} = -9, a_{41} = 3, a_{53} = -8, a_{61} = -9, a_{73} = 4, a_{89} = 1, a_{97} = -7 \\ 
21632 & -4 & 22 & 1 & a_{5} = 0, a_{17} = -3, a_{29} = -5, a_{37} = 9, a_{41} = -3, a_{53} = -8, a_{61} = -9, a_{73} = -4, a_{89} = -1, a_{97} = 7 \\ 
21632 & -4 & 22 & 1 & a_{5} = 0, a_{17} = -3, a_{29} = 5, a_{37} = -9, a_{41} = -3, a_{53} = 8, a_{61} = 9, a_{73} = -4, a_{89} = -1, a_{97} = 7 \\ 
21632 & -4 & 22 & 1 & a_{5} = 0, a_{17} = -3, a_{29} = 5, a_{37} = 9, a_{41} = 3, a_{53} = 8, a_{61} = 9, a_{73} = 4, a_{89} = 1, a_{97} = -7 \\ 
23328 & -3 & 6 & 1 & a_{7} = -2, a_{13} = -1, a_{19} = -5, a_{31} = 7, a_{37} = -4, a_{43} = -5, a_{61} = 5, a_{67} = -11, a_{73} = -1, a_{79} = -11, a_{97} = -7 \\ 
23328 & -3 & 6 & 1 & a_{7} = -2, a_{13} = -1, a_{19} = 1, a_{31} = 1, a_{37} = 8, a_{43} = -11, a_{61} = 5, a_{67} = 7, a_{73} = 11, a_{79} = 7, a_{97} = -7 \\ 
23328 & -3 & 6 & 3 & a_{7} = 2, a_{13} = -1, a_{19} = -1, a_{31} = -1, a_{37} = 8, a_{43} = 11, a_{61} = 5, a_{67} = -7, a_{73} = 11, a_{79} = -7, a_{97} = -7 \\ 
23328 & -3 & 6 & 9 & a_{7} = 2, a_{13} = -1, a_{19} = 5, a_{31} = -7, a_{37} = -4, a_{43} = 5, a_{61} = 5, a_{67} = 11, a_{73} = -1, a_{79} = 11, a_{97} = -7 \\ 
23328 & -4 & 6 & 1 & a_{5} = -1, a_{13} = -3, a_{17} = 4, a_{29} = 1, a_{37} = -8, a_{41} = 5, a_{53} = -8, a_{61} = -7, a_{73} = -12, a_{89} = -4, a_{97} = -3 \\ 
23328 & -4 & 6 & 1 & a_{5} = -1, a_{13} = 3, a_{17} = -5, a_{29} = -5, a_{37} = -5, a_{41} = 2, a_{53} = -2, a_{61} = -13, a_{73} = 3, a_{89} = -13, a_{97} = -6 \\ 
23328 & -4 & 6 & 1 & a_{5} = 1, a_{13} = -3, a_{17} = -4, a_{29} = -1, a_{37} = -8, a_{41} = -5, a_{53} = 8, a_{61} = -7, a_{73} = -12, a_{89} = 4, a_{97} = -3 \\ 
23328 & -4 & 6 & 1 & a_{5} = 1, a_{13} = 3, a_{17} = 5, a_{29} = 5, a_{37} = -5, a_{41} = -2, a_{53} = 2, a_{61} = -13, a_{73} = 3, a_{89} = 13, a_{97} = -6 \\ 
23409 & -51 & 6 & 1 & a_{5} = -4, a_{11} = 5, a_{13} = 1, a_{19} = 6, a_{23} = -1, a_{29} = -7, a_{41} = -5, a_{43} = -3, a_{67} = -1, a_{71} = 1 \\ 
23409 & -51 & 6 & 1 & a_{5} = -1, a_{11} = -1, a_{13} = 1, a_{19} = -3, a_{23} = 5, a_{29} = 8, a_{41} = -11, a_{43} = -9, a_{67} = -10, a_{71} = 10 \\ 
23409 & -51 & 6 & 1 & a_{5} = 1, a_{11} = 1, a_{13} = 1, a_{19} = -3, a_{23} = -5, a_{29} = -8, a_{41} = 11, a_{43} = -9, a_{67} = -10, a_{71} = -10 \\ 
23409 & -51 & 6 & 1 & a_{5} = 4, a_{11} = -5, a_{13} = 1, a_{19} = 6, a_{23} = 1, a_{29} = 7, a_{41} = 5, a_{43} = -3, a_{67} = -1, a_{71} = -1 \\ 
