[* [* 82944,
    "Kronecker character -24",
    [
        <5, x + 1>,
        <7, x + 3>,
        <11, x + 5>,
        <29, x + 4>,
        <31, x + 7>,
        <53, x - 1>,
        <59, x + 10>,
        <73, x + 15>,
        <79, x + 2>,
        <83, x + 11>,
        <97, x + 7>,
        <13, x^2 - 2>,
        <17, x^2 - 18>,
        <19, x^2 - 32>,
        <23, x^2 - 8>,
        <37, x^2 - 8>,
        <41, x^2 - 32>,
        <43, x^2 - 98>,
        <47, x^2 - 18>,
        <61, x^2 - 200>,
        <67, x^2 - 2>,
        <71, x^2 - 242>,
        <89, x^2 - 2>
    ] 
*], [* 82944,
    "Kronecker character -24",
    [
        <5, x + 1>,
        <7, x + 3>,
        <11, x + 1>,
        <29, x - 8>,
        <31, x - 1>,
        <53, x + 11>,
        <59, x - 10>,
        <73, x + 3>,
        <79, x - 14>,
        <83, x + 7>,
        <97, x - 5>,
        <13, x^2 - 50>,
        <17, x^2 - 18>,
        <19, x^2 - 8>,
        <23, x^2 - 32>,
        <37, x^2 - 32>,
        <41, x^2 - 8>,
        <43, x^2 - 2>,
        <47, x^2 - 18>,
        <61, x^2 - 8>,
        <67, x^2 - 50>,
        <71, x^2 - 2>,
        <89, x^2 - 242>
    ]
*], [* 82944,
    "Kronecker character -24",
    [
        <5, x + 1>,
        <7, x - 3>,
        <11, x - 1>,
        <29, x - 8>,
        <31, x + 1>,
        <53, x + 11>,
        <59, x + 10>,
        <73, x + 3>,
        <79, x + 14>,
        <83, x - 7>,
        <97, x - 5>,
        <13, x^2 - 50>,
        <17, x^2 - 18>,
        <19, x^2 - 8>,
        <23, x^2 - 32>,
        <37, x^2 - 32>,
        <41, x^2 - 8>,
        <43, x^2 - 2>,
        <47, x^2 - 18>,
        <61, x^2 - 8>,
        <67, x^2 - 50>,
        <71, x^2 - 2>,
        <89, x^2 - 242>
    ]
*], [* 82944,
    "Kronecker character -24",
    [
        <5, x + 1>,
        <7, x - 3>,
        <11, x - 5>,
        <29, x + 4>,
        <31, x - 7>,
        <53, x - 1>,
        <59, x - 10>,
        <73, x + 15>,
        <79, x - 2>,
        <83, x - 11>,
        <97, x + 7>,
        <13, x^2 - 2>,
        <17, x^2 - 18>,
        <19, x^2 - 32>,
        <23, x^2 - 8>,
        <37, x^2 - 8>,
        <41, x^2 - 32>,
        <43, x^2 - 98>,
        <47, x^2 - 18>,
        <61, x^2 - 200>,
        <67, x^2 - 2>,
        <71, x^2 - 242>,
        <89, x^2 - 2>
    ]
*], [* 82944,
    "Kronecker character -24",
    [
        <5, x - 1>,
        <7, x + 3>,
        <11, x - 1>,
        <29, x + 8>,
        <31, x - 1>,
        <53, x - 11>,
        <59, x + 10>,
        <73, x + 3>,
        <79, x - 14>,
        <83, x - 7>,
        <97, x - 5>,
        <13, x^2 - 50>,
        <17, x^2 - 18>,
        <19, x^2 - 8>,
        <23, x^2 - 32>,
        <37, x^2 - 32>,
        <41, x^2 - 8>,
        <43, x^2 - 2>,
        <47, x^2 - 18>,
        <61, x^2 - 8>,
        <67, x^2 - 50>,
        <71, x^2 - 2>,
        <89, x^2 - 242>
    ]
*], [* 82944,
    "Kronecker character -24",
    [
        <5, x - 1>,
        <7, x + 3>,
        <11, x - 5>,
        <29, x - 4>,
        <31, x + 7>,
        <53, x + 1>,
        <59, x - 10>,
        <73, x + 15>,
        <79, x + 2>,
        <83, x - 11>,
        <97, x + 7>,
        <13, x^2 - 2>,
        <17, x^2 - 18>,
        <19, x^2 - 32>,
        <23, x^2 - 8>,
        <37, x^2 - 8>,
        <41, x^2 - 32>,
        <43, x^2 - 98>,
        <47, x^2 - 18>,
        <61, x^2 - 200>,
        <67, x^2 - 2>,
        <71, x^2 - 242>,
        <89, x^2 - 2>
    ]
*], [* 82944,
    "Kronecker character -24",
    [
        <5, x - 1>,
        <7, x - 3>,
        <11, x + 5>,
        <29, x - 4>,
        <31, x - 7>,
        <53, x + 1>,
        <59, x + 10>,
        <73, x + 15>,
        <79, x - 2>,
        <83, x + 11>,
        <97, x + 7>,
        <13, x^2 - 2>,
        <17, x^2 - 18>,
        <19, x^2 - 32>,
        <23, x^2 - 8>,
        <37, x^2 - 8>,
        <41, x^2 - 32>,
        <43, x^2 - 98>,
        <47, x^2 - 18>,
        <61, x^2 - 200>,
        <67, x^2 - 2>,
        <71, x^2 - 242>,
        <89, x^2 - 2>
    ]
*], [* 82944,
    "Kronecker character -24",
    [
        <5, x - 1>,
        <7, x - 3>,
        <11, x + 1>,
        <29, x + 8>,
        <31, x + 1>,
        <53, x - 11>,
        <59, x - 10>,
        <73, x + 3>,
        <79, x + 14>,
        <83, x + 7>,
        <97, x - 5>,
        <13, x^2 - 50>,
        <17, x^2 - 18>,
        <19, x^2 - 8>,
        <23, x^2 - 32>,
        <37, x^2 - 32>,
        <41, x^2 - 8>,
        <43, x^2 - 2>,
        <47, x^2 - 18>,
        <61, x^2 - 8>,
        <67, x^2 - 50>,
        <71, x^2 - 2>,
        <89, x^2 - 242>
    ]
*], [* 82944,
    "Kronecker character -8",
    [
        <11, x + 3>,
        <17, x>,
        <19, x + 2>,
        <41, x + 9>,
        <43, x - 7>,
        <59, x - 3>,
        <67, x - 11>,
        <73, x + 8>,
        <83, x + 3>,
        <89, x - 12>,
        <97, x - 1>,
        <5, x^2 - 15>,
        <7, x^2 - 15>,
        <13, x^2 - 15>,
        <23, x^2 - 15>,
        <29, x^2 - 15>,
        <31, x^2 - 15>,
        <37, x^2 - 60>,
        <47, x^2 - 15>,
        <53, x^2 - 60>,
        <61, x^2 - 135>,
        <71, x^2 - 60>,
        <79, x^2 - 15>
    ]
*], [* 82944,
    "Kronecker character -8",
    [
        <11, x + 3>,
        <17, x>,
        <19, x - 2>,
        <41, x - 9>,
        <43, x + 7>,
        <59, x - 3>,
        <67, x + 11>,
        <73, x + 8>,
        <83, x + 3>,
        <89, x + 12>,
        <97, x - 1>,
        <5, x^2 - 15>,
        <7, x^2 - 15>,
        <13, x^2 - 15>,
        <23, x^2 - 15>,
        <29, x^2 - 15>,
        <31, x^2 - 15>,
        <37, x^2 - 60>,
        <47, x^2 - 15>,
        <53, x^2 - 60>,
        <61, x^2 - 135>,
        <71, x^2 - 60>,
        <79, x^2 - 15>
    ]
*], [* 82944,
    "Kronecker character -8",
    [
        <11, x - 3>,
        <17, x>,
        <19, x + 2>,
        <41, x - 9>,
        <43, x - 7>,
        <59, x + 3>,
        <67, x - 11>,
        <73, x + 8>,
        <83, x - 3>,
        <89, x + 12>,
        <97, x - 1>,
        <5, x^2 - 15>,
        <7, x^2 - 15>,
        <13, x^2 - 15>,
        <23, x^2 - 15>,
        <29, x^2 - 15>,
        <31, x^2 - 15>,
        <37, x^2 - 60>,
        <47, x^2 - 15>,
        <53, x^2 - 60>,
        <61, x^2 - 135>,
        <71, x^2 - 60>,
        <79, x^2 - 15>
    ]
*], [* 82944,
    "Kronecker character -8",
    [
        <11, x - 3>,
        <17, x>,
        <19, x - 2>,
        <41, x + 9>,
        <43, x + 7>,
        <59, x + 3>,
        <67, x + 11>,
        <73, x + 8>,
        <83, x - 3>,
        <89, x - 12>,
        <97, x - 1>,
        <5, x^2 - 15>,
        <7, x^2 - 15>,
        <13, x^2 - 15>,
        <23, x^2 - 15>,
        <29, x^2 - 15>,
        <31, x^2 - 15>,
        <37, x^2 - 60>,
        <47, x^2 - 15>,
        <53, x^2 - 60>,
        <61, x^2 - 135>,
        <71, x^2 - 60>,
        <79, x^2 - 15>
    ]
*], [* 82944,
    "Kronecker character -4",
    [
        <5, x + 3>,
        <13, x + 5>,
        <17, x + 1>,
        <29, x + 1>,
        <37, x + 1>,
        <41, x - 12>,
        <53, x + 4>,
        <61, x + 9>,
        <73, x + 15>,
        <89, x + 9>,
        <97, x - 4>,
        <7, x^2 - 22>,
        <11, x^2 - 22>,
        <19, x^2 - 22>,
        <23, x^2 - 22>,
        <31, x^2 - 88>,
        <43, x^2 - 22>,
        <47, x^2 - 88>,
        <59, x^2>,
        <67, x^2 - 198>,
        <71, x^2 - 22>,
        <79, x^2 - 22>,
        <83, x^2 - 88>
    ]
*], [* 82944,
    "Kronecker character -4",
    [
        <5, x + 3>,
        <13, x - 5>,
        <17, x - 1>,
        <29, x + 1>,
        <37, x - 1>,
        <41, x + 12>,
        <53, x + 4>,
        <61, x - 9>,
        <73, x + 15>,
        <89, x - 9>,
        <97, x - 4>,
        <7, x^2 - 22>,
        <11, x^2 - 22>,
        <19, x^2 - 22>,
        <23, x^2 - 22>,
        <31, x^2 - 88>,
        <43, x^2 - 22>,
        <47, x^2 - 88>,
        <59, x^2>,
        <67, x^2 - 198>,
        <71, x^2 - 22>,
        <79, x^2 - 22>,
        <83, x^2 - 88>
    ]
*], [* 82944,
    "Kronecker character -4",
    [
        <5, x + 1>,
        <13, x + 3>,
        <17, x - 4>,
        <29, x - 1>,
        <37, x + 8>,
        <41, x - 5>,
        <53, x + 8>,
        <61, x + 7>,
        <73, x + 12>,
        <89, x + 4>,
        <97, x + 3>,
        <7, x^2 - 3>,
        <11, x^2 - 3>,
        <19, x^2 - 48>,
        <23, x^2 - 75>,
        <31, x^2 - 27>,
        <43, x^2 - 75>,
        <47, x^2 - 147>,
        <59, x^2 - 3>,
        <67, x^2 - 75>,
        <71, x^2 - 12>,
        <79, x^2 - 27>,
        <83, x^2 - 75>
    ]
*], [* 82944,
    "Kronecker character -4",
    [
        <5, x + 1>,
        <13, x + 3>,
        <17, x - 5>,
        <29, x + 5>,
        <37, x - 5>,
        <41, x + 2>,
        <53, x + 2>,
        <61, x - 13>,
        <73, x - 3>,
        <89, x - 13>,
        <97, x + 6>,
        <7, x^2 - 24>,
        <11, x^2 - 24>,
        <19, x^2 - 24>,
        <23, x^2 - 24>,
        <31, x^2>,
        <43, x^2 - 24>,
        <47, x^2 - 96>,
        <59, x^2 - 96>,
        <67, x^2 - 24>,
        <71, x^2 - 24>,
        <79, x^2 - 216>,
        <83, x^2 - 96>
    ]
*], [* 82944,
    "Kronecker character -4",
    [
        <5, x + 1>,
        <13, x + 1>,
        <17, x - 1>,
        <29, x - 5>,
        <37, x - 3>,
        <41, x + 4>,
        <53, x + 4>,
        <61, x - 3>,
        <73, x - 9>,
        <89, x - 1>,
        <97, x - 12>,
        <7, x^2 - 6>,
        <11, x^2 - 6>,
        <19, x^2 - 54>,
        <23, x^2 - 54>,
        <31, x^2 - 24>,
        <43, x^2 - 6>,
        <47, x^2 - 24>,
        <59, x^2>,
        <67, x^2 - 6>,
        <71, x^2 - 6>,
        <79, x^2 - 150>,
        <83, x^2 - 216>
    ]
*], [* 82944,
    "Kronecker character -4",
    [
        <5, x + 1>,
        <13, x - 1>,
        <17, x + 1>,
        <29, x - 5>,
        <37, x + 3>,
        <41, x - 4>,
        <53, x + 4>,
        <61, x + 3>,
        <73, x - 9>,
        <89, x + 1>,
        <97, x - 12>,
        <7, x^2 - 6>,
        <11, x^2 - 6>,
        <19, x^2 - 54>,
        <23, x^2 - 54>,
        <31, x^2 - 24>,
        <43, x^2 - 6>,
        <47, x^2 - 24>,
        <59, x^2>,
        <67, x^2 - 6>,
        <71, x^2 - 6>,
        <79, x^2 - 150>,
        <83, x^2 - 216>
    ]
*], [* 82944,
    "Kronecker character -4",
    [
        <5, x + 1>,
        <13, x - 3>,
        <17, x + 5>,
        <29, x + 5>,
        <37, x + 5>,
        <41, x - 2>,
        <53, x + 2>,
        <61, x + 13>,
        <73, x - 3>,
        <89, x + 13>,
        <97, x + 6>,
        <7, x^2 - 24>,
        <11, x^2 - 24>,
        <19, x^2 - 24>,
        <23, x^2 - 24>,
        <31, x^2>,
        <43, x^2 - 24>,
        <47, x^2 - 96>,
        <59, x^2 - 96>,
        <67, x^2 - 24>,
        <71, x^2 - 24>,
        <79, x^2 - 216>,
        <83, x^2 - 96>
    ]
*], [* 82944,
    "Kronecker character -4",
    [
        <5, x + 1>,
        <13, x - 3>,
        <17, x + 4>,
        <29, x - 1>,
        <37, x - 8>,
        <41, x + 5>,
        <53, x + 8>,
        <61, x - 7>,
        <73, x + 12>,
        <89, x - 4>,
        <97, x + 3>,
        <7, x^2 - 3>,
        <11, x^2 - 3>,
        <19, x^2 - 48>,
        <23, x^2 - 75>,
        <31, x^2 - 27>,
        <43, x^2 - 75>,
        <47, x^2 - 147>,
        <59, x^2 - 3>,
        <67, x^2 - 75>,
        <71, x^2 - 12>,
        <79, x^2 - 27>,
        <83, x^2 - 75>
    ]
*], [* 82944,
    "Kronecker character -4",
    [
        <5, x - 1>,
        <13, x + 3>,
        <17, x + 5>,
        <29, x - 5>,
        <37, x - 5>,
        <41, x - 2>,
        <53, x - 2>,
        <61, x - 13>,
        <73, x - 3>,
        <89, x + 13>,
        <97, x + 6>,
        <7, x^2 - 24>,
        <11, x^2 - 24>,
        <19, x^2 - 24>,
        <23, x^2 - 24>,
        <31, x^2>,
        <43, x^2 - 24>,
        <47, x^2 - 96>,
        <59, x^2 - 96>,
        <67, x^2 - 24>,
        <71, x^2 - 24>,
        <79, x^2 - 216>,
        <83, x^2 - 96>
    ]
*], [* 82944,
    "Kronecker character -4",
    [
        <5, x - 1>,
        <13, x + 3>,
        <17, x + 4>,
        <29, x + 1>,
        <37, x + 8>,
        <41, x + 5>,
        <53, x - 8>,
        <61, x + 7>,
        <73, x + 12>,
        <89, x - 4>,
        <97, x + 3>,
        <7, x^2 - 3>,
        <11, x^2 - 3>,
        <19, x^2 - 48>,
        <23, x^2 - 75>,
        <31, x^2 - 27>,
        <43, x^2 - 75>,
        <47, x^2 - 147>,
        <59, x^2 - 3>,
        <67, x^2 - 75>,
        <71, x^2 - 12>,
        <79, x^2 - 27>,
        <83, x^2 - 75>
    ]
*], [* 82944,
    "Kronecker character -4",
    [
        <5, x - 1>,
        <13, x + 1>,
        <17, x + 1>,
        <29, x + 5>,
        <37, x - 3>,
        <41, x - 4>,
        <53, x - 4>,
        <61, x - 3>,
        <73, x - 9>,
        <89, x + 1>,
        <97, x - 12>,
        <7, x^2 - 6>,
        <11, x^2 - 6>,
        <19, x^2 - 54>,
        <23, x^2 - 54>,
        <31, x^2 - 24>,
        <43, x^2 - 6>,
        <47, x^2 - 24>,
        <59, x^2>,
        <67, x^2 - 6>,
        <71, x^2 - 6>,
        <79, x^2 - 150>,
        <83, x^2 - 216>
    ]
*], [* 82944,
    "Kronecker character -4",
    [
        <5, x - 1>,
        <13, x - 1>,
        <17, x - 1>,
        <29, x + 5>,
        <37, x + 3>,
        <41, x + 4>,
        <53, x - 4>,
        <61, x + 3>,
        <73, x - 9>,
        <89, x - 1>,
        <97, x - 12>,
        <7, x^2 - 6>,
        <11, x^2 - 6>,
        <19, x^2 - 54>,
        <23, x^2 - 54>,
        <31, x^2 - 24>,
        <43, x^2 - 6>,
        <47, x^2 - 24>,
        <59, x^2>,
        <67, x^2 - 6>,
        <71, x^2 - 6>,
        <79, x^2 - 150>,
        <83, x^2 - 216>
    ]
*], [* 82944,
    "Kronecker character -4",
    [
        <5, x - 1>,
        <13, x - 3>,
        <17, x - 4>,
        <29, x + 1>,
        <37, x - 8>,
        <41, x - 5>,
        <53, x - 8>,
        <61, x - 7>,
        <73, x + 12>,
        <89, x + 4>,
        <97, x + 3>,
        <7, x^2 - 3>,
        <11, x^2 - 3>,
        <19, x^2 - 48>,
        <23, x^2 - 75>,
        <31, x^2 - 27>,
        <43, x^2 - 75>,
        <47, x^2 - 147>,
        <59, x^2 - 3>,
        <67, x^2 - 75>,
        <71, x^2 - 12>,
        <79, x^2 - 27>,
        <83, x^2 - 75>
    ]
*], [* 82944,
    "Kronecker character -4",
    [
        <5, x - 1>,
        <13, x - 3>,
        <17, x - 5>,
        <29, x - 5>,
        <37, x + 5>,
        <41, x + 2>,
        <53, x - 2>,
        <61, x + 13>,
        <73, x - 3>,
        <89, x - 13>,
        <97, x + 6>,
        <7, x^2 - 24>,
        <11, x^2 - 24>,
        <19, x^2 - 24>,
        <23, x^2 - 24>,
        <31, x^2>,
        <43, x^2 - 24>,
        <47, x^2 - 96>,
        <59, x^2 - 96>,
        <67, x^2 - 24>,
        <71, x^2 - 24>,
        <79, x^2 - 216>,
        <83, x^2 - 96>
    ]
*], [* 82944,
    "Kronecker character -4",
    [
        <5, x - 3>,
        <13, x + 5>,
        <17, x - 1>,
        <29, x - 1>,
        <37, x + 1>,
        <41, x + 12>,
        <53, x - 4>,
        <61, x + 9>,
        <73, x + 15>,
        <89, x - 9>,
        <97, x - 4>,
        <7, x^2 - 22>,
        <11, x^2 - 22>,
        <19, x^2 - 22>,
        <23, x^2 - 22>,
        <31, x^2 - 88>,
        <43, x^2 - 22>,
        <47, x^2 - 88>,
        <59, x^2>,
        <67, x^2 - 198>,
        <71, x^2 - 22>,
        <79, x^2 - 22>,
        <83, x^2 - 88>
    ]
*], [* 82944,
    "Kronecker character -4",
    [
        <5, x - 3>,
        <13, x - 5>,
        <17, x + 1>,
        <29, x - 1>,
        <37, x - 1>,
        <41, x - 12>,
        <53, x - 4>,
        <61, x - 9>,
        <73, x + 15>,
        <89, x + 9>,
        <97, x - 4>,
        <7, x^2 - 22>,
        <11, x^2 - 22>,
        <19, x^2 - 22>,
        <23, x^2 - 22>,
        <31, x^2 - 88>,
        <43, x^2 - 22>,
        <47, x^2 - 88>,
        <59, x^2>,
        <67, x^2 - 198>,
        <71, x^2 - 22>,
        <79, x^2 - 22>,
        <83, x^2 - 88>
    ]
*] *];